<?xml version="1.0" encoding="UTF-8"?>
<TestRun id="1521106e-ac90-4bb1-88a3-07f744dfe84d" name="Administrator@DEVSRV2008R2 2013-07-23 21:18:04" runUser="DEVSRV2008R2\Administrator" xmlns="http://microsoft.com/schemas/VisualStudio/TeamTest/2010">
  <TestSettings name="Local" id="e3db6095-ce6e-41b0-b542-606337b9d5bd">
    <Description>These are default test settings for a local test run.</Description>
    <Deployment enabled="false" runDeploymentRoot="Administrator_DEVSRV2008R2 2013-07-23 21_18_04" />
    <Execution>
      <TestTypeSpecific />
      <AgentRule name="Execution Agents">
      </AgentRule>
    </Execution>
  </TestSettings>
  <Times creation="2013-07-23T21:18:04.5880625-05:00" queuing="2013-07-23T21:18:05.1349375-05:00" start="2013-07-23T21:18:05.6622812-05:00" finish="2013-07-23T21:18:08.1915781-05:00" />
  <ResultSummary outcome="Completed">
    <Counters total="1" executed="1" passed="1" error="0" failed="0" timeout="0" aborted="0" inconclusive="0" passedButRunAborted="0" notRunnable="0" notExecuted="0" disconnected="0" warning="0" completed="0" inProgress="0" pending="0" />
  </ResultSummary>
  <TestDefinitions>
    <UnitTest name="CustomerStatementTest_Execution_Regular_Mock" storage="c:\users\administrator\desktop\dev_sinco_2013_07_16\sc_v16\scsap_d\sincosap\unit_test\bin\debug\unit_test.dll" id="8f0bfb61-32ad-bb40-9bb2-8072c54b5f75">
      <Execution timeOut="1800000" id="81d416bb-a655-444c-ad72-f9f9c94a7503" />
      <TestMethod codeBase="C:/Users/Administrator/Desktop/Dev_SINCO_2013_07_16/SC_V16/SCSAP_D/SINCOSAP/Unit_Test/bin/Debug/Unit_Test.DLL" adapterTypeName="Microsoft.VisualStudio.TestTools.TestTypes.Unit.UnitTestAdapter, Microsoft.VisualStudio.QualityTools.Tips.UnitTest.Adapter, Version=10.0.0.0, Culture=neutral, PublicKeyToken=b03f5f7f11d50a3a" className="Unit_Test.WS.CustomerStatementTest, Unit_Test, Version=1.0.0.0, Culture=neutral, PublicKeyToken=null" name="CustomerStatementTest_Execution_Regular_Mock" />
    </UnitTest>
  </TestDefinitions>
  <TestLists>
    <TestList name="Results Not in a List" id="8c84fa94-04c1-424b-9868-57a2d4851a1d" />
    <TestList name="All Loaded Results" id="19431567-8539-422a-85d7-44ee4e166bda" />
  </TestLists>
  <TestEntries>
    <TestEntry testId="8f0bfb61-32ad-bb40-9bb2-8072c54b5f75" executionId="81d416bb-a655-444c-ad72-f9f9c94a7503" testListId="8c84fa94-04c1-424b-9868-57a2d4851a1d" />
  </TestEntries>
  <Results>
    <UnitTestResult executionId="81d416bb-a655-444c-ad72-f9f9c94a7503" testId="8f0bfb61-32ad-bb40-9bb2-8072c54b5f75" testName="CustomerStatementTest_Execution_Regular_Mock" computerName="DEVSRV2008R2" duration="00:00:02.2298100" startTime="2013-07-23T21:18:05.6886484-05:00" endTime="2013-07-23T21:18:08.0031015-05:00" testType="13cdc9d9-ddb5-4fa4-a97d-d965ccfc6d4b" outcome="Passed" testListId="8c84fa94-04c1-424b-9868-57a2d4851a1d" relativeResultsDirectory="81d416bb-a655-444c-ad72-f9f9c94a7503">
    </UnitTestResult>
  </Results>
</TestRun>