<?xml version="1.0" encoding="UTF-8"?>
<TestRun id="23836c81-4149-44d3-92aa-69ad1962ccdb" name="Administrator@DEVSRV2008R2 2013-07-23 19:44:18" runUser="DEVSRV2008R2\Administrator" xmlns="http://microsoft.com/schemas/VisualStudio/TeamTest/2010">
  <TestSettings name="Local" id="e3db6095-ce6e-41b0-b542-606337b9d5bd">
    <Description>These are default test settings for a local test run.</Description>
    <Deployment enabled="false" runDeploymentRoot="Administrator_DEVSRV2008R2 2013-07-23 19_44_18" />
    <Execution>
      <TestTypeSpecific />
      <AgentRule name="Execution Agents">
      </AgentRule>
    </Execution>
  </TestSettings>
  <Times creation="2013-07-23T19:44:18.6241953-05:00" queuing="2013-07-23T19:44:19.4083750-05:00" start="2013-07-23T19:44:20.1202890-05:00" finish="2013-07-23T19:44:33.5900156-05:00" />
  <ResultSummary outcome="Completed">
    <Counters total="1" executed="1" passed="1" error="0" failed="0" timeout="0" aborted="0" inconclusive="0" passedButRunAborted="0" notRunnable="0" notExecuted="0" disconnected="0" warning="0" completed="0" inProgress="0" pending="0" />
  </ResultSummary>
  <TestDefinitions>
    <UnitTest name="SqlRdmsConnectionTestExecCmd_Insert" storage="c:\users\administrator\desktop\dev_sinco_2013_07_16\sc_v16\scsap_d\sincosap\unit_test\bin\debug\unit_test.dll" id="f5001619-a88f-46e8-81be-e3f0baef8a33">
      <Execution timeOut="1800000" id="168d0c0c-f4bf-46b7-8a92-a51263b680ec" />
      <TestMethod codeBase="C:/Users/Administrator/Desktop/Dev_SINCO_2013_07_16/SC_V16/SCSAP_D/SINCOSAP/Unit_Test/bin/Debug/Unit_Test.DLL" adapterTypeName="Microsoft.VisualStudio.TestTools.TestTypes.Unit.UnitTestAdapter, Microsoft.VisualStudio.QualityTools.Tips.UnitTest.Adapter, Version=10.0.0.0, Culture=neutral, PublicKeyToken=b03f5f7f11d50a3a" className="Unit_Test.DBCnn.SqlRdmsConnectionTest, Unit_Test, Version=1.0.0.0, Culture=neutral, PublicKeyToken=null" name="SqlRdmsConnectionTestExecCmd_Insert" />
    </UnitTest>
  </TestDefinitions>
  <TestLists>
    <TestList name="Results Not in a List" id="8c84fa94-04c1-424b-9868-57a2d4851a1d" />
    <TestList name="All Loaded Results" id="19431567-8539-422a-85d7-44ee4e166bda" />
  </TestLists>
  <TestEntries>
    <TestEntry testId="f5001619-a88f-46e8-81be-e3f0baef8a33" executionId="168d0c0c-f4bf-46b7-8a92-a51263b680ec" testListId="8c84fa94-04c1-424b-9868-57a2d4851a1d" />
  </TestEntries>
  <Results>
    <UnitTestResult executionId="168d0c0c-f4bf-46b7-8a92-a51263b680ec" testId="f5001619-a88f-46e8-81be-e3f0baef8a33" testName="SqlRdmsConnectionTestExecCmd_Insert" computerName="DEVSRV2008R2" duration="00:00:13.0110153" startTime="2013-07-23T19:44:20.2238046-05:00" endTime="2013-07-23T19:44:33.3517343-05:00" testType="13cdc9d9-ddb5-4fa4-a97d-d965ccfc6d4b" outcome="Passed" testListId="8c84fa94-04c1-424b-9868-57a2d4851a1d" relativeResultsDirectory="168d0c0c-f4bf-46b7-8a92-a51263b680ec">
    </UnitTestResult>
  </Results>
</TestRun>