<?xml version="1.0" encoding="UTF-8"?>
<TestRun id="b2188097-57f5-4d38-950f-56dd6519ddc1" name="Administrator@DEVSRV2008R2 2013-07-23 19:48:25" runUser="DEVSRV2008R2\Administrator" xmlns="http://microsoft.com/schemas/VisualStudio/TeamTest/2010">
  <TestSettings name="Local" id="e3db6095-ce6e-41b0-b542-606337b9d5bd">
    <Description>These are default test settings for a local test run.</Description>
    <Deployment enabled="false" runDeploymentRoot="Administrator_DEVSRV2008R2 2013-07-23 19_48_25" />
    <Execution>
      <TestTypeSpecific />
      <AgentRule name="Execution Agents">
      </AgentRule>
    </Execution>
  </TestSettings>
  <Times creation="2013-07-23T19:48:25.3781015-05:00" queuing="2013-07-23T19:48:26.1749765-05:00" start="2013-07-23T19:48:26.9523203-05:00" finish="2013-07-23T19:48:29.8761484-05:00" />
  <ResultSummary outcome="Completed">
    <Counters total="1" executed="1" passed="1" error="0" failed="0" timeout="0" aborted="0" inconclusive="0" passedButRunAborted="0" notRunnable="0" notExecuted="0" disconnected="0" warning="0" completed="0" inProgress="0" pending="0" />
  </ResultSummary>
  <TestDefinitions>
    <UnitTest name="SqlRdmsConnectionTestExecCmd_Update" storage="c:\users\administrator\desktop\dev_sinco_2013_07_16\sc_v16\scsap_d\sincosap\unit_test\bin\debug\unit_test.dll" id="988652be-7470-42b4-08ce-5a01c1aa7a80">
      <Execution timeOut="1800000" id="5b13cd59-4488-4745-b726-18137175cb69" />
      <TestMethod codeBase="C:/Users/Administrator/Desktop/Dev_SINCO_2013_07_16/SC_V16/SCSAP_D/SINCOSAP/Unit_Test/bin/Debug/Unit_Test.DLL" adapterTypeName="Microsoft.VisualStudio.TestTools.TestTypes.Unit.UnitTestAdapter, Microsoft.VisualStudio.QualityTools.Tips.UnitTest.Adapter, Version=10.0.0.0, Culture=neutral, PublicKeyToken=b03f5f7f11d50a3a" className="Unit_Test.DBCnn.SqlRdmsConnectionTest, Unit_Test, Version=1.0.0.0, Culture=neutral, PublicKeyToken=null" name="SqlRdmsConnectionTestExecCmd_Update" />
    </UnitTest>
  </TestDefinitions>
  <TestLists>
    <TestList name="Results Not in a List" id="8c84fa94-04c1-424b-9868-57a2d4851a1d" />
    <TestList name="All Loaded Results" id="19431567-8539-422a-85d7-44ee4e166bda" />
  </TestLists>
  <TestEntries>
    <TestEntry testId="988652be-7470-42b4-08ce-5a01c1aa7a80" executionId="5b13cd59-4488-4745-b726-18137175cb69" testListId="8c84fa94-04c1-424b-9868-57a2d4851a1d" />
  </TestEntries>
  <Results>
    <UnitTestResult executionId="5b13cd59-4488-4745-b726-18137175cb69" testId="988652be-7470-42b4-08ce-5a01c1aa7a80" testName="SqlRdmsConnectionTestExecCmd_Update" computerName="DEVSRV2008R2" duration="00:00:02.4400458" startTime="2013-07-23T19:48:27.0577890-05:00" endTime="2013-07-23T19:48:29.6368906-05:00" testType="13cdc9d9-ddb5-4fa4-a97d-d965ccfc6d4b" outcome="Passed" testListId="8c84fa94-04c1-424b-9868-57a2d4851a1d" relativeResultsDirectory="5b13cd59-4488-4745-b726-18137175cb69">
    </UnitTestResult>
  </Results>
</TestRun>