<?xml version="1.0" encoding="UTF-8"?>
<TestRun id="10ee53ad-82af-474e-b17d-64c3a789f9e5" name="Administrator@DEVSRV2008R2 2013-07-23 21:19:43" runUser="DEVSRV2008R2\Administrator" xmlns="http://microsoft.com/schemas/VisualStudio/TeamTest/2010">
  <TestSettings name="Local" id="e3db6095-ce6e-41b0-b542-606337b9d5bd">
    <Description>These are default test settings for a local test run.</Description>
    <Deployment enabled="false" runDeploymentRoot="Administrator_DEVSRV2008R2 2013-07-23 21_19_43" />
    <Execution>
      <TestTypeSpecific />
      <AgentRule name="Execution Agents">
      </AgentRule>
    </Execution>
  </TestSettings>
  <Times creation="2013-07-23T21:19:43.6378671-05:00" queuing="2013-07-23T21:19:43.9327890-05:00" start="2013-07-23T21:19:44.2208750-05:00" finish="2013-07-23T21:19:46.5392343-05:00" />
  <ResultSummary outcome="Completed">
    <Counters total="1" executed="1" passed="1" error="0" failed="0" timeout="0" aborted="0" inconclusive="0" passedButRunAborted="0" notRunnable="0" notExecuted="0" disconnected="0" warning="0" completed="0" inProgress="0" pending="0" />
  </ResultSummary>
  <TestDefinitions>
    <UnitTest name="SOrderTest_Execution_Failure_Mock" storage="c:\users\administrator\desktop\dev_sinco_2013_07_16\sc_v16\scsap_d\sincosap\unit_test\bin\debug\unit_test.dll" id="b6a610dd-7b07-66c1-f2b8-22b799467e9d">
      <Execution timeOut="1800000" id="8ad11441-d563-410f-9c78-a7eb487a5f71" />
      <TestMethod codeBase="C:/Users/Administrator/Desktop/Dev_SINCO_2013_07_16/SC_V16/SCSAP_D/SINCOSAP/Unit_Test/bin/Debug/Unit_Test.DLL" adapterTypeName="Microsoft.VisualStudio.TestTools.TestTypes.Unit.UnitTestAdapter, Microsoft.VisualStudio.QualityTools.Tips.UnitTest.Adapter, Version=10.0.0.0, Culture=neutral, PublicKeyToken=b03f5f7f11d50a3a" className="Unit_Test.WS.SOrderTest, Unit_Test, Version=1.0.0.0, Culture=neutral, PublicKeyToken=null" name="SOrderTest_Execution_Failure_Mock" />
    </UnitTest>
  </TestDefinitions>
  <TestLists>
    <TestList name="Results Not in a List" id="8c84fa94-04c1-424b-9868-57a2d4851a1d" />
    <TestList name="All Loaded Results" id="19431567-8539-422a-85d7-44ee4e166bda" />
  </TestLists>
  <TestEntries>
    <TestEntry testId="b6a610dd-7b07-66c1-f2b8-22b799467e9d" executionId="8ad11441-d563-410f-9c78-a7eb487a5f71" testListId="8c84fa94-04c1-424b-9868-57a2d4851a1d" />
  </TestEntries>
  <Results>
    <UnitTestResult executionId="8ad11441-d563-410f-9c78-a7eb487a5f71" testId="b6a610dd-7b07-66c1-f2b8-22b799467e9d" testName="SOrderTest_Execution_Failure_Mock" computerName="DEVSRV2008R2" duration="00:00:02.0492590" startTime="2013-07-23T21:19:44.2277109-05:00" endTime="2013-07-23T21:19:46.3624765-05:00" testType="13cdc9d9-ddb5-4fa4-a97d-d965ccfc6d4b" outcome="Passed" testListId="8c84fa94-04c1-424b-9868-57a2d4851a1d" relativeResultsDirectory="8ad11441-d563-410f-9c78-a7eb487a5f71">
    </UnitTestResult>
  </Results>
</TestRun>