<?xml version="1.0" encoding="UTF-8"?>
<TestRun id="67caa59b-3a80-4152-bece-ae036d1cce0d" name="Administrator@DEVSRV2008R2 2013-07-23 21:19:35" runUser="DEVSRV2008R2\Administrator" xmlns="http://microsoft.com/schemas/VisualStudio/TeamTest/2010">
  <TestSettings name="Local" id="e3db6095-ce6e-41b0-b542-606337b9d5bd">
    <Description>These are default test settings for a local test run.</Description>
    <Deployment enabled="false" runDeploymentRoot="Administrator_DEVSRV2008R2 2013-07-23 21_19_35" />
    <Execution>
      <TestTypeSpecific />
      <AgentRule name="Execution Agents">
      </AgentRule>
    </Execution>
  </TestSettings>
  <Times creation="2013-07-23T21:19:35.1085703-05:00" queuing="2013-07-23T21:19:35.6368906-05:00" start="2013-07-23T21:19:36.0909921-05:00" finish="2013-07-23T21:19:38.4943125-05:00" />
  <ResultSummary outcome="Completed">
    <Counters total="1" executed="1" passed="1" error="0" failed="0" timeout="0" aborted="0" inconclusive="0" passedButRunAborted="0" notRunnable="0" notExecuted="0" disconnected="0" warning="0" completed="0" inProgress="0" pending="0" />
  </ResultSummary>
  <TestDefinitions>
    <UnitTest name="SOrderTest_Execution_Regular_Mock" storage="c:\users\administrator\desktop\dev_sinco_2013_07_16\sc_v16\scsap_d\sincosap\unit_test\bin\debug\unit_test.dll" id="490add42-0425-a4a7-0f6b-7b3ceb5bc1fb">
      <Execution timeOut="1800000" id="02db0960-3cae-4eb8-9e73-a64316419371" />
      <TestMethod codeBase="C:/Users/Administrator/Desktop/Dev_SINCO_2013_07_16/SC_V16/SCSAP_D/SINCOSAP/Unit_Test/bin/Debug/Unit_Test.DLL" adapterTypeName="Microsoft.VisualStudio.TestTools.TestTypes.Unit.UnitTestAdapter, Microsoft.VisualStudio.QualityTools.Tips.UnitTest.Adapter, Version=10.0.0.0, Culture=neutral, PublicKeyToken=b03f5f7f11d50a3a" className="Unit_Test.WS.SOrderTest, Unit_Test, Version=1.0.0.0, Culture=neutral, PublicKeyToken=null" name="SOrderTest_Execution_Regular_Mock" />
    </UnitTest>
  </TestDefinitions>
  <TestLists>
    <TestList name="Results Not in a List" id="8c84fa94-04c1-424b-9868-57a2d4851a1d" />
    <TestList name="All Loaded Results" id="19431567-8539-422a-85d7-44ee4e166bda" />
  </TestLists>
  <TestEntries>
    <TestEntry testId="490add42-0425-a4a7-0f6b-7b3ceb5bc1fb" executionId="02db0960-3cae-4eb8-9e73-a64316419371" testListId="8c84fa94-04c1-424b-9868-57a2d4851a1d" />
  </TestEntries>
  <Results>
    <UnitTestResult executionId="02db0960-3cae-4eb8-9e73-a64316419371" testId="490add42-0425-a4a7-0f6b-7b3ceb5bc1fb" testName="SOrderTest_Execution_Regular_Mock" computerName="DEVSRV2008R2" duration="00:00:01.9626599" startTime="2013-07-23T21:19:36.2286875-05:00" endTime="2013-07-23T21:19:38.3468515-05:00" testType="13cdc9d9-ddb5-4fa4-a97d-d965ccfc6d4b" outcome="Passed" testListId="8c84fa94-04c1-424b-9868-57a2d4851a1d" relativeResultsDirectory="02db0960-3cae-4eb8-9e73-a64316419371">
    </UnitTestResult>
  </Results>
</TestRun>