<?xml version="1.0" encoding="UTF-8"?>
<TestRun id="f61d9249-a23f-4047-bab1-745a19c402f7" name="Administrator@DEVSRV2008R2 2013-07-23 19:42:07" runUser="DEVSRV2008R2\Administrator" xmlns="http://microsoft.com/schemas/VisualStudio/TeamTest/2010">
  <TestSettings name="Local" id="e3db6095-ce6e-41b0-b542-606337b9d5bd">
    <Description>These are default test settings for a local test run.</Description>
    <Deployment enabled="false" runDeploymentRoot="Administrator_DEVSRV2008R2 2013-07-23 19_42_07" />
    <Execution>
      <TestTypeSpecific />
      <AgentRule name="Execution Agents">
      </AgentRule>
    </Execution>
  </TestSettings>
  <Times creation="2013-07-23T19:42:07.5773203-05:00" queuing="2013-07-23T19:42:08.3263437-05:00" start="2013-07-23T19:42:09.1105234-05:00" finish="2013-07-23T19:42:18.1388437-05:00" />
  <ResultSummary outcome="Failed">
    <Counters total="1" executed="1" error="0" failed="1" timeout="0" aborted="0" inconclusive="0" passedButRunAborted="0" notRunnable="0" notExecuted="0" disconnected="0" warning="0" passed="0" completed="0" inProgress="0" pending="0" />
  </ResultSummary>
  <TestDefinitions>
    <UnitTest name="SqlRdmsConnectionTestExecCmd_Insert" storage="c:\users\administrator\desktop\dev_sinco_2013_07_16\sc_v16\scsap_d\sincosap\unit_test\bin\debug\unit_test.dll" id="f5001619-a88f-46e8-81be-e3f0baef8a33">
      <Execution timeOut="1800000" id="18689040-77e3-4b96-9794-9b256bdbf44b" />
      <TestMethod codeBase="C:/Users/Administrator/Desktop/Dev_SINCO_2013_07_16/SC_V16/SCSAP_D/SINCOSAP/Unit_Test/bin/Debug/Unit_Test.DLL" adapterTypeName="Microsoft.VisualStudio.TestTools.TestTypes.Unit.UnitTestAdapter, Microsoft.VisualStudio.QualityTools.Tips.UnitTest.Adapter, Version=10.0.0.0, Culture=neutral, PublicKeyToken=b03f5f7f11d50a3a" className="Unit_Test.DBCnn.SqlRdmsConnectionTest, Unit_Test, Version=1.0.0.0, Culture=neutral, PublicKeyToken=null" name="SqlRdmsConnectionTestExecCmd_Insert" />
    </UnitTest>
  </TestDefinitions>
  <TestLists>
    <TestList name="Results Not in a List" id="8c84fa94-04c1-424b-9868-57a2d4851a1d" />
    <TestList name="All Loaded Results" id="19431567-8539-422a-85d7-44ee4e166bda" />
  </TestLists>
  <TestEntries>
    <TestEntry testId="f5001619-a88f-46e8-81be-e3f0baef8a33" executionId="18689040-77e3-4b96-9794-9b256bdbf44b" testListId="8c84fa94-04c1-424b-9868-57a2d4851a1d" />
  </TestEntries>
  <Results>
    <UnitTestResult executionId="18689040-77e3-4b96-9794-9b256bdbf44b" testId="f5001619-a88f-46e8-81be-e3f0baef8a33" testName="SqlRdmsConnectionTestExecCmd_Insert" computerName="DEVSRV2008R2" duration="00:00:08.6317648" startTime="2013-07-23T19:42:09.2081796-05:00" endTime="2013-07-23T19:42:17.9425546-05:00" testType="13cdc9d9-ddb5-4fa4-a97d-d965ccfc6d4b" outcome="Failed" testListId="8c84fa94-04c1-424b-9868-57a2d4851a1d" relativeResultsDirectory="18689040-77e3-4b96-9794-9b256bdbf44b">
      <Output>
        <ErrorInfo>
          <Message>Test method Unit_Test.DBCnn.SqlRdmsConnectionTest.SqlRdmsConnectionTestExecCmd_Insert threw exception: 
System.Data.SqlClient.SqlException: The INSERT permission was denied on the object 'tbConfig', database 'SCDBDev', schema 'bcfg'.</Message>
          <StackTrace>    at System.Data.SqlClient.SqlConnection.OnError(SqlException exception, Boolean breakConnection)
   at System.Data.SqlClient.SqlInternalConnection.OnError(SqlException exception, Boolean breakConnection)
   at System.Data.SqlClient.TdsParser.ThrowExceptionAndWarning()
   at System.Data.SqlClient.TdsParser.Run(RunBehavior runBehavior, SqlCommand cmdHandler, SqlDataReader dataStream, BulkCopySimpleResultSet bulkCopyHandler, TdsParserStateObject stateObj)
   at System.Data.SqlClient.SqlDataReader.ConsumeMetaData()
   at System.Data.SqlClient.SqlDataReader.get_MetaData()
   at System.Data.SqlClient.SqlCommand.FinishExecuteReader(SqlDataReader ds, RunBehavior runBehavior, String resetOptionsString)
   at System.Data.SqlClient.SqlCommand.RunExecuteReaderTds(CommandBehavior cmdBehavior, RunBehavior runBehavior, Boolean returnStream, Boolean async)
   at System.Data.SqlClient.SqlCommand.RunExecuteReader(CommandBehavior cmdBehavior, RunBehavior runBehavior, Boolean returnStream, String method, DbAsyncResult result)
   at System.Data.SqlClient.SqlCommand.RunExecuteReader(CommandBehavior cmdBehavior, RunBehavior runBehavior, Boolean returnStream, String method)
   at System.Data.SqlClient.SqlCommand.ExecuteReader(CommandBehavior behavior, String method)
   at System.Data.SqlClient.SqlCommand.ExecuteReader(CommandBehavior behavior)
   at Persistence.DAO.DBcnn.SqlRdmsConnection`1.Execute(Boolean hasRet, CommandType cmdType) in C:\Users\Administrator\Desktop\Dev_SINCO_2013_07_16\SC_V16\SCSAP_D\SINCOSAP\Persistence\DAO\DBCnn\RdmsConnection.cs:line 86
   at Unit_Test.DBCnn.SqlRdmsConnectionTest.SqlRdmsConnectionTestExecCmd_Insert() in C:\Users\Administrator\Desktop\Dev_SINCO_2013_07_16\SC_V16\SCSAP_D\SINCOSAP\Unit_Test\DBCnn\SqlRdmsConnectionTest.cs:line 143
</StackTrace>
        </ErrorInfo>
      </Output>
    </UnitTestResult>
  </Results>
</TestRun>