<?xml version="1.0" encoding="UTF-8"?>
<TestRun id="384a057e-08d7-4f17-a8e2-a08d97c3725d" name="Administrator@DEVSRV2008R2 2013-07-23 19:43:13" runUser="DEVSRV2008R2\Administrator" xmlns="http://microsoft.com/schemas/VisualStudio/TeamTest/2010">
  <TestSettings name="Local" id="e3db6095-ce6e-41b0-b542-606337b9d5bd">
    <Description>These are default test settings for a local test run.</Description>
    <Deployment enabled="false" runDeploymentRoot="Administrator_DEVSRV2008R2 2013-07-23 19_43_13" />
    <Execution>
      <TestTypeSpecific />
      <AgentRule name="Execution Agents">
      </AgentRule>
    </Execution>
  </TestSettings>
  <Times creation="2013-07-23T19:43:13.3917734-05:00" queuing="2013-07-23T19:43:14.1066171-05:00" start="2013-07-23T19:43:14.7823984-05:00" finish="2013-07-23T19:44:06.7316171-05:00" />
  <ResultSummary outcome="Failed">
    <Counters total="1" executed="1" error="0" failed="1" timeout="0" aborted="0" inconclusive="0" passedButRunAborted="0" notRunnable="0" notExecuted="0" disconnected="0" warning="0" passed="0" completed="0" inProgress="0" pending="0" />
  </ResultSummary>
  <TestDefinitions>
    <UnitTest name="SqlRdmsConnectionTestExecCmd_Insert" storage="c:\users\administrator\desktop\dev_sinco_2013_07_16\sc_v16\scsap_d\sincosap\unit_test\bin\debug\unit_test.dll" id="f5001619-a88f-46e8-81be-e3f0baef8a33">
      <Execution timeOut="1800000" id="2ee18822-2b20-43e7-8f43-7f14035b92d2" />
      <TestMethod codeBase="C:/Users/Administrator/Desktop/Dev_SINCO_2013_07_16/SC_V16/SCSAP_D/SINCOSAP/Unit_Test/bin/Debug/Unit_Test.DLL" adapterTypeName="Microsoft.VisualStudio.TestTools.TestTypes.Unit.UnitTestAdapter, Microsoft.VisualStudio.QualityTools.Tips.UnitTest.Adapter, Version=10.0.0.0, Culture=neutral, PublicKeyToken=b03f5f7f11d50a3a" className="Unit_Test.DBCnn.SqlRdmsConnectionTest, Unit_Test, Version=1.0.0.0, Culture=neutral, PublicKeyToken=null" name="SqlRdmsConnectionTestExecCmd_Insert" />
    </UnitTest>
  </TestDefinitions>
  <TestLists>
    <TestList name="Results Not in a List" id="8c84fa94-04c1-424b-9868-57a2d4851a1d" />
    <TestList name="All Loaded Results" id="19431567-8539-422a-85d7-44ee4e166bda" />
  </TestLists>
  <TestEntries>
    <TestEntry testId="f5001619-a88f-46e8-81be-e3f0baef8a33" executionId="2ee18822-2b20-43e7-8f43-7f14035b92d2" testListId="8c84fa94-04c1-424b-9868-57a2d4851a1d" />
  </TestEntries>
  <Results>
    <UnitTestResult executionId="2ee18822-2b20-43e7-8f43-7f14035b92d2" testId="f5001619-a88f-46e8-81be-e3f0baef8a33" testName="SqlRdmsConnectionTestExecCmd_Insert" computerName="DEVSRV2008R2" duration="00:00:51.3218998" startTime="2013-07-23T19:43:15.0792734-05:00" endTime="2013-07-23T19:44:06.5177500-05:00" testType="13cdc9d9-ddb5-4fa4-a97d-d965ccfc6d4b" outcome="Failed" testListId="8c84fa94-04c1-424b-9868-57a2d4851a1d" relativeResultsDirectory="2ee18822-2b20-43e7-8f43-7f14035b92d2">
      <Output>
        <ErrorInfo>
          <Message>Test method Unit_Test.DBCnn.SqlRdmsConnectionTest.SqlRdmsConnectionTestExecCmd_Insert threw exception: 
System.Data.SqlClient.SqlException: The INSERT permission was denied on the object 'tbConfig', database 'SCDBDev', schema 'bcfg'.</Message>
          <StackTrace>    at System.Data.SqlClient.SqlConnection.OnError(SqlException exception, Boolean breakConnection)
   at System.Data.SqlClient.SqlInternalConnection.OnError(SqlException exception, Boolean breakConnection)
   at System.Data.SqlClient.TdsParser.ThrowExceptionAndWarning()
   at System.Data.SqlClient.TdsParser.Run(RunBehavior runBehavior, SqlCommand cmdHandler, SqlDataReader dataStream, BulkCopySimpleResultSet bulkCopyHandler, TdsParserStateObject stateObj)
   at System.Data.SqlClient.SqlCommand.RunExecuteNonQueryTds(String methodName, Boolean async)
   at System.Data.SqlClient.SqlCommand.InternalExecuteNonQuery(DbAsyncResult result, String methodName, Boolean sendToPipe)
   at System.Data.SqlClient.SqlCommand.ExecuteNonQuery()
   at Persistence.DAO.DBcnn.SqlRdmsConnection`1.Execute(Boolean hasRet, CommandType cmdType) in C:\Users\Administrator\Desktop\Dev_SINCO_2013_07_16\SC_V16\SCSAP_D\SINCOSAP\Persistence\DAO\DBCnn\RdmsConnection.cs:line 110
   at Unit_Test.DBCnn.SqlRdmsConnectionTest.SqlRdmsConnectionTestExecCmd_Insert() in C:\Users\Administrator\Desktop\Dev_SINCO_2013_07_16\SC_V16\SCSAP_D\SINCOSAP\Unit_Test\DBCnn\SqlRdmsConnectionTest.cs:line 143
</StackTrace>
        </ErrorInfo>
      </Output>
    </UnitTestResult>
  </Results>
</TestRun>