<?xml version="1.0" encoding="UTF-8"?>
<TestRun id="237f6861-29bf-4368-864f-a3ab07241dc8" name="Administrator@DEVSRV2008R2 2013-07-23 19:22:26" runUser="DEVSRV2008R2\Administrator" xmlns="http://microsoft.com/schemas/VisualStudio/TeamTest/2010">
  <TestSettings name="Local" id="e3db6095-ce6e-41b0-b542-606337b9d5bd">
    <Description>These are default test settings for a local test run.</Description>
    <Deployment enabled="false" runDeploymentRoot="Administrator_DEVSRV2008R2 2013-07-23 19_22_26" />
    <Execution>
      <TestTypeSpecific />
      <AgentRule name="Execution Agents">
      </AgentRule>
    </Execution>
  </TestSettings>
  <Times creation="2013-07-23T19:22:26.9269296-05:00" queuing="2013-07-23T19:22:27.3243906-05:00" start="2013-07-23T19:22:27.5763437-05:00" finish="2013-07-23T19:22:28.1456796-05:00" />
  <ResultSummary outcome="Failed">
    <Counters total="1" executed="1" error="0" failed="1" timeout="0" aborted="0" inconclusive="0" passedButRunAborted="0" notRunnable="0" notExecuted="0" disconnected="0" warning="0" passed="0" completed="0" inProgress="0" pending="0" />
  </ResultSummary>
  <TestDefinitions>
    <UnitTest name="SqlRdmsConnectionTestExecSP_Insert" storage="c:\users\administrator\desktop\dev_sinco_2013_07_16\sc_v16\scsap_d\sincosap\unit_test\bin\debug\unit_test.dll" id="bc0cf60b-fc39-cb1c-7fe3-29c0f3b93add">
      <Execution timeOut="1800000" id="01b2f578-73f2-461e-baef-0a16e7b48292" />
      <TestMethod codeBase="C:/Users/Administrator/Desktop/Dev_SINCO_2013_07_16/SC_V16/SCSAP_D/SINCOSAP/Unit_Test/bin/Debug/Unit_Test.DLL" adapterTypeName="Microsoft.VisualStudio.TestTools.TestTypes.Unit.UnitTestAdapter, Microsoft.VisualStudio.QualityTools.Tips.UnitTest.Adapter, Version=10.0.0.0, Culture=neutral, PublicKeyToken=b03f5f7f11d50a3a" className="Unit_Test.DBCnn.SqlRdmsConnectionTest, Unit_Test, Version=1.0.0.0, Culture=neutral, PublicKeyToken=null" name="SqlRdmsConnectionTestExecSP_Insert" />
    </UnitTest>
  </TestDefinitions>
  <TestLists>
    <TestList name="Results Not in a List" id="8c84fa94-04c1-424b-9868-57a2d4851a1d" />
    <TestList name="All Loaded Results" id="19431567-8539-422a-85d7-44ee4e166bda" />
  </TestLists>
  <TestEntries>
    <TestEntry testId="bc0cf60b-fc39-cb1c-7fe3-29c0f3b93add" executionId="01b2f578-73f2-461e-baef-0a16e7b48292" testListId="8c84fa94-04c1-424b-9868-57a2d4851a1d" />
  </TestEntries>
  <Results>
    <UnitTestResult executionId="01b2f578-73f2-461e-baef-0a16e7b48292" testId="bc0cf60b-fc39-cb1c-7fe3-29c0f3b93add" testName="SqlRdmsConnectionTestExecSP_Insert" computerName="DEVSRV2008R2" duration="00:00:00.3141947" startTime="2013-07-23T19:22:27.6534921-05:00" endTime="2013-07-23T19:22:28.0616953-05:00" testType="13cdc9d9-ddb5-4fa4-a97d-d965ccfc6d4b" outcome="Failed" testListId="8c84fa94-04c1-424b-9868-57a2d4851a1d" relativeResultsDirectory="01b2f578-73f2-461e-baef-0a16e7b48292">
      <Output>
        <ErrorInfo>
          <Message>Test method Unit_Test.DBCnn.SqlRdmsConnectionTest.SqlRdmsConnectionTestExecSP_Insert threw exception: 
System.Data.SqlClient.SqlException: Could not obtain information about Windows NT group/user 'WIN-1HA23DHQVS5\Administrator', error code 0x534.</Message>
          <StackTrace>    at System.Data.SqlClient.SqlConnection.OnError(SqlException exception, Boolean breakConnection)
   at System.Data.SqlClient.SqlInternalConnection.OnError(SqlException exception, Boolean breakConnection)
   at System.Data.SqlClient.TdsParser.ThrowExceptionAndWarning()
   at System.Data.SqlClient.TdsParser.Run(RunBehavior runBehavior, SqlCommand cmdHandler, SqlDataReader dataStream, BulkCopySimpleResultSet bulkCopyHandler, TdsParserStateObject stateObj)
   at System.Data.SqlClient.SqlCommand.FinishExecuteReader(SqlDataReader ds, RunBehavior runBehavior, String resetOptionsString)
   at System.Data.SqlClient.SqlCommand.RunExecuteReaderTds(CommandBehavior cmdBehavior, RunBehavior runBehavior, Boolean returnStream, Boolean async)
   at System.Data.SqlClient.SqlCommand.RunExecuteReader(CommandBehavior cmdBehavior, RunBehavior runBehavior, Boolean returnStream, String method, DbAsyncResult result)
   at System.Data.SqlClient.SqlCommand.InternalExecuteNonQuery(DbAsyncResult result, String methodName, Boolean sendToPipe)
   at System.Data.SqlClient.SqlCommand.ExecuteNonQuery()
   at Persistence.DAO.DBcnn.SqlRdmsConnection`1.Execute(Boolean hasRet, CommandType cmdType) in C:\Users\Administrator\Desktop\Dev_SINCO_2013_07_16\SC_V16\SCSAP_D\SINCOSAP\Persistence\DAO\DBCnn\RdmsConnection.cs:line 110
   at Unit_Test.DBCnn.SqlRdmsConnectionTest.SqlRdmsConnectionTestExecSP_Insert() in C:\Users\Administrator\Desktop\Dev_SINCO_2013_07_16\SC_V16\SCSAP_D\SINCOSAP\Unit_Test\DBCnn\SqlRdmsConnectionTest.cs:line 98
</StackTrace>
        </ErrorInfo>
      </Output>
    </UnitTestResult>
  </Results>
</TestRun>