<?xml version="1.0" encoding="UTF-8"?>
<TestRun id="288add89-0e52-43d6-a02a-b84885f5ccaa" name="gbernal@GBERNAL 2013-07-24 19:27:36" runUser="SOAM\gbernal" xmlns="http://microsoft.com/schemas/VisualStudio/TeamTest/2010">
  <TestSettings name="Local" id="e3db6095-ce6e-41b0-b542-606337b9d5bd">
    <Description>These are default test settings for a local test run.</Description>
    <Deployment enabled="false" runDeploymentRoot="gbernal_GBERNAL 2013-07-24 19_27_36" />
    <Execution>
      <TestTypeSpecific />
      <AgentRule name="Execution Agents">
      </AgentRule>
    </Execution>
  </TestSettings>
  <Times creation="2013-07-24T19:27:36.8593689-05:00" queuing="2013-07-24T19:27:37.8421941-05:00" start="2013-07-24T19:27:38.2166037-05:00" finish="2013-07-24T19:28:14.9867465-05:00" />
  <ResultSummary outcome="Completed">
    <Counters total="1" executed="1" passed="1" error="0" failed="0" timeout="0" aborted="0" inconclusive="0" passedButRunAborted="0" notRunnable="0" notExecuted="0" disconnected="0" warning="0" completed="0" inProgress="0" pending="0" />
  </ResultSummary>
  <TestDefinitions>
    <UnitTest name="VolMax" storage="d:\users\gbernal\desktop\aplicaciones\backupapp\sincosap\sc_v16\scsap_d\sincosap\unit_test\bin\debug\unit_test.dll" id="3e29bfe3-3642-322f-e87f-c878502e6737">
      <Execution timeOut="1800000" id="081290a7-f23b-4b76-9bf8-f4e159a93375" />
      <TestMethod codeBase="D:/Users/gbernal/Desktop/Aplicaciones/BackUpApp/SINCOSAP/SC_V16/SCSAP_D/SINCOSAP/Unit_Test/bin/Debug/Unit_Test.DLL" adapterTypeName="Microsoft.VisualStudio.TestTools.TestTypes.Unit.UnitTestAdapter, Microsoft.VisualStudio.QualityTools.Tips.UnitTest.Adapter, Version=10.0.0.0, Culture=neutral, PublicKeyToken=b03f5f7f11d50a3a" className="Unit_Test.DAO.BCfgTest, Unit_Test, Version=1.0.0.0, Culture=neutral, PublicKeyToken=null" name="VolMax" />
    </UnitTest>
  </TestDefinitions>
  <TestLists>
    <TestList name="Results Not in a List" id="8c84fa94-04c1-424b-9868-57a2d4851a1d" />
    <TestList name="All Loaded Results" id="19431567-8539-422a-85d7-44ee4e166bda" />
  </TestLists>
  <TestEntries>
    <TestEntry testId="3e29bfe3-3642-322f-e87f-c878502e6737" executionId="081290a7-f23b-4b76-9bf8-f4e159a93375" testListId="8c84fa94-04c1-424b-9868-57a2d4851a1d" />
  </TestEntries>
  <Results>
    <UnitTestResult executionId="081290a7-f23b-4b76-9bf8-f4e159a93375" testId="3e29bfe3-3642-322f-e87f-c878502e6737" testName="VolMax" computerName="GBERNAL" duration="00:00:36.1808051" startTime="2013-07-24T19:27:38.5598125-05:00" endTime="2013-07-24T19:28:14.9087445-05:00" testType="13cdc9d9-ddb5-4fa4-a97d-d965ccfc6d4b" outcome="Passed" testListId="8c84fa94-04c1-424b-9868-57a2d4851a1d" relativeResultsDirectory="081290a7-f23b-4b76-9bf8-f4e159a93375">
    </UnitTestResult>
  </Results>
</TestRun>