<?xml version="1.0" encoding="UTF-8"?>
<TestRun id="d49070bd-3198-4efb-ae61-aeca3740eb1a" name="gbernal@GBERNAL 2013-07-24 12:00:28" runUser="SOAM\gbernal" xmlns="http://microsoft.com/schemas/VisualStudio/TeamTest/2010">
  <TestSettings name="Local" id="e3db6095-ce6e-41b0-b542-606337b9d5bd">
    <Description>These are default test settings for a local test run.</Description>
    <Deployment enabled="false" runDeploymentRoot="gbernal_GBERNAL 2013-07-24 12_00_28" />
    <Execution>
      <TestTypeSpecific />
      <AgentRule name="Execution Agents">
      </AgentRule>
    </Execution>
  </TestSettings>
  <Times creation="2013-07-24T12:00:28.6350263-05:00" queuing="2013-07-24T12:00:29.6490393-05:00" start="2013-07-24T12:00:30.0702447-05:00" finish="2013-07-24T12:01:10.6463649-05:00" />
  <ResultSummary outcome="Completed">
    <Counters total="1" executed="1" passed="1" error="0" failed="0" timeout="0" aborted="0" inconclusive="0" passedButRunAborted="0" notRunnable="0" notExecuted="0" disconnected="0" warning="0" completed="0" inProgress="0" pending="0" />
  </ResultSummary>
  <TestDefinitions>
    <UnitTest name="CargosCliDao" storage="d:\users\gbernal\desktop\aplicaciones\backupapp\sincosap\sc_v16\scsap_d\sincosap\unit_test\bin\debug\unit_test.dll" id="976fe7d0-a6b8-8ee8-6e31-86f89c9bc18f">
      <Execution timeOut="1800000" id="2c0b3ed6-9721-471a-8766-c143e3209975" />
      <TestMethod codeBase="D:/Users/gbernal/Desktop/Aplicaciones/BackUpApp/SINCOSAP/SC_V16/SCSAP_D/SINCOSAP/Unit_Test/bin/Debug/Unit_Test.DLL" adapterTypeName="Microsoft.VisualStudio.TestTools.TestTypes.Unit.UnitTestAdapter, Microsoft.VisualStudio.QualityTools.Tips.UnitTest.Adapter, Version=10.0.0.0, Culture=neutral, PublicKeyToken=b03f5f7f11d50a3a" className="Unit_Test.DAO.BCfgTest, Unit_Test, Version=1.0.0.0, Culture=neutral, PublicKeyToken=null" name="CargosCliDao" />
    </UnitTest>
  </TestDefinitions>
  <TestLists>
    <TestList name="Results Not in a List" id="8c84fa94-04c1-424b-9868-57a2d4851a1d" />
    <TestList name="All Loaded Results" id="19431567-8539-422a-85d7-44ee4e166bda" />
  </TestLists>
  <TestEntries>
    <TestEntry testId="976fe7d0-a6b8-8ee8-6e31-86f89c9bc18f" executionId="2c0b3ed6-9721-471a-8766-c143e3209975" testListId="8c84fa94-04c1-424b-9868-57a2d4851a1d" />
  </TestEntries>
  <Results>
    <UnitTestResult executionId="2c0b3ed6-9721-471a-8766-c143e3209975" testId="976fe7d0-a6b8-8ee8-6e31-86f89c9bc18f" testName="CargosCliDao" computerName="GBERNAL" duration="00:00:40.0405238" startTime="2013-07-24T12:00:30.4134491-05:00" endTime="2013-07-24T12:01:10.5527637-05:00" testType="13cdc9d9-ddb5-4fa4-a97d-d965ccfc6d4b" outcome="Passed" testListId="8c84fa94-04c1-424b-9868-57a2d4851a1d" relativeResultsDirectory="2c0b3ed6-9721-471a-8766-c143e3209975">
    </UnitTestResult>
  </Results>
</TestRun>