<?xml version="1.0" encoding="UTF-8"?>
<TestRun id="307d10f7-d75c-4e5f-8af3-361bb935f63f" name="gbernal@GBERNAL 2013-07-19 16:06:15" runUser="SOAM\gbernal" xmlns="http://microsoft.com/schemas/VisualStudio/TeamTest/2010">
  <TestSettings name="Local" id="e3db6095-ce6e-41b0-b542-606337b9d5bd">
    <Description>These are default test settings for a local test run.</Description>
    <Deployment enabled="false" runDeploymentRoot="gbernal_GBERNAL 2013-07-19 16_06_15" />
    <Execution>
      <TestTypeSpecific />
      <AgentRule name="Execution Agents">
      </AgentRule>
    </Execution>
  </TestSettings>
  <Times creation="2013-07-19T16:06:15.5974170-05:00" queuing="2013-07-19T16:06:15.9704543-05:00" start="2013-07-19T16:06:16.1114684-05:00" finish="2013-07-19T16:06:29.4097981-05:00" />
  <ResultSummary outcome="Completed">
    <Counters total="4" executed="4" passed="4" error="0" failed="0" timeout="0" aborted="0" inconclusive="0" passedButRunAborted="0" notRunnable="0" notExecuted="0" disconnected="0" warning="0" completed="0" inProgress="0" pending="0" />
  </ResultSummary>
  <TestDefinitions>
    <UnitTest name="SOrderTest_Execution_Failure" storage="d:\users\gbernal\desktop\aplicaciones\backupapp\sincosap\sc_v16\scsap_d\sincosap\unit_test\bin\debug\unit_test.dll" id="cda1e289-0e8c-0548-5eef-46188b7eff36">
      <Execution timeOut="1800000" id="1fa53131-0374-4e05-b273-692dfd48c6c8" />
      <TestMethod codeBase="D:/Users/gbernal/Desktop/Aplicaciones/BackUpApp/SINCOSAP/SC_V16/SCSAP_D/SINCOSAP/Unit_Test/bin/Debug/Unit_Test.DLL" adapterTypeName="Microsoft.VisualStudio.TestTools.TestTypes.Unit.UnitTestAdapter, Microsoft.VisualStudio.QualityTools.Tips.UnitTest.Adapter, Version=10.0.0.0, Culture=neutral, PublicKeyToken=b03f5f7f11d50a3a" className="Unit_Test.WS.SOrderTest, Unit_Test, Version=1.0.0.0, Culture=neutral, PublicKeyToken=null" name="SOrderTest_Execution_Failure" />
    </UnitTest>
    <UnitTest name="SOrderTest_Execution_Failure_Mock" storage="d:\users\gbernal\desktop\aplicaciones\backupapp\sincosap\sc_v16\scsap_d\sincosap\unit_test\bin\debug\unit_test.dll" id="b6a610dd-7b07-66c1-f2b8-22b799467e9d">
      <Execution timeOut="1800000" id="cf6c4953-700d-4893-ae67-8d4dac9c6d99" />
      <TestMethod codeBase="D:/Users/gbernal/Desktop/Aplicaciones/BackUpApp/SINCOSAP/SC_V16/SCSAP_D/SINCOSAP/Unit_Test/bin/Debug/Unit_Test.DLL" adapterTypeName="Microsoft.VisualStudio.TestTools.TestTypes.Unit.UnitTestAdapter, Microsoft.VisualStudio.QualityTools.Tips.UnitTest.Adapter, Version=10.0.0.0, Culture=neutral, PublicKeyToken=b03f5f7f11d50a3a" className="Unit_Test.WS.SOrderTest, Unit_Test, Version=1.0.0.0, Culture=neutral, PublicKeyToken=null" name="SOrderTest_Execution_Failure_Mock" />
    </UnitTest>
    <UnitTest name="SOrderTest_Execution_Regular_Mock" storage="d:\users\gbernal\desktop\aplicaciones\backupapp\sincosap\sc_v16\scsap_d\sincosap\unit_test\bin\debug\unit_test.dll" id="490add42-0425-a4a7-0f6b-7b3ceb5bc1fb">
      <Execution timeOut="1800000" id="60ee8702-274b-4d32-9933-f99701f561de" />
      <TestMethod codeBase="D:/Users/gbernal/Desktop/Aplicaciones/BackUpApp/SINCOSAP/SC_V16/SCSAP_D/SINCOSAP/Unit_Test/bin/Debug/Unit_Test.DLL" adapterTypeName="Microsoft.VisualStudio.TestTools.TestTypes.Unit.UnitTestAdapter, Microsoft.VisualStudio.QualityTools.Tips.UnitTest.Adapter, Version=10.0.0.0, Culture=neutral, PublicKeyToken=b03f5f7f11d50a3a" className="Unit_Test.WS.SOrderTest, Unit_Test, Version=1.0.0.0, Culture=neutral, PublicKeyToken=null" name="SOrderTest_Execution_Regular_Mock" />
    </UnitTest>
    <UnitTest name="SOrderTest_Execution_Regular" storage="d:\users\gbernal\desktop\aplicaciones\backupapp\sincosap\sc_v16\scsap_d\sincosap\unit_test\bin\debug\unit_test.dll" id="d54f7a95-fbe9-9a9e-a269-2a63324d4580">
      <Execution timeOut="1800000" id="cdd2dea9-ebd2-4bb0-9253-058c78db90d5" />
      <TestMethod codeBase="D:/Users/gbernal/Desktop/Aplicaciones/BackUpApp/SINCOSAP/SC_V16/SCSAP_D/SINCOSAP/Unit_Test/bin/Debug/Unit_Test.DLL" adapterTypeName="Microsoft.VisualStudio.TestTools.TestTypes.Unit.UnitTestAdapter, Microsoft.VisualStudio.QualityTools.Tips.UnitTest.Adapter, Version=10.0.0.0, Culture=neutral, PublicKeyToken=b03f5f7f11d50a3a" className="Unit_Test.WS.SOrderTest, Unit_Test, Version=1.0.0.0, Culture=neutral, PublicKeyToken=null" name="SOrderTest_Execution_Regular" />
    </UnitTest>
  </TestDefinitions>
  <TestLists>
    <TestList name="Results Not in a List" id="8c84fa94-04c1-424b-9868-57a2d4851a1d" />
    <TestList name="All Loaded Results" id="19431567-8539-422a-85d7-44ee4e166bda" />
  </TestLists>
  <TestEntries>
    <TestEntry testId="cda1e289-0e8c-0548-5eef-46188b7eff36" executionId="1fa53131-0374-4e05-b273-692dfd48c6c8" testListId="8c84fa94-04c1-424b-9868-57a2d4851a1d" />
    <TestEntry testId="b6a610dd-7b07-66c1-f2b8-22b799467e9d" executionId="cf6c4953-700d-4893-ae67-8d4dac9c6d99" testListId="8c84fa94-04c1-424b-9868-57a2d4851a1d" />
    <TestEntry testId="d54f7a95-fbe9-9a9e-a269-2a63324d4580" executionId="cdd2dea9-ebd2-4bb0-9253-058c78db90d5" testListId="8c84fa94-04c1-424b-9868-57a2d4851a1d" />
    <TestEntry testId="490add42-0425-a4a7-0f6b-7b3ceb5bc1fb" executionId="60ee8702-274b-4d32-9933-f99701f561de" testListId="8c84fa94-04c1-424b-9868-57a2d4851a1d" />
  </TestEntries>
  <Results>
    <UnitTestResult executionId="1fa53131-0374-4e05-b273-692dfd48c6c8" testId="cda1e289-0e8c-0548-5eef-46188b7eff36" testName="SOrderTest_Execution_Failure" computerName="GBERNAL" duration="00:00:06.1787172" startTime="2013-07-19T16:06:16.1564729-05:00" endTime="2013-07-19T16:06:22.4190991-05:00" testType="13cdc9d9-ddb5-4fa4-a97d-d965ccfc6d4b" outcome="Passed" testListId="8c84fa94-04c1-424b-9868-57a2d4851a1d" relativeResultsDirectory="1fa53131-0374-4e05-b273-692dfd48c6c8">
    </UnitTestResult>
    <UnitTestResult executionId="cf6c4953-700d-4893-ae67-8d4dac9c6d99" testId="b6a610dd-7b07-66c1-f2b8-22b799467e9d" testName="SOrderTest_Execution_Failure_Mock" computerName="GBERNAL" duration="00:00:01.0179583" startTime="2013-07-19T16:06:22.4270999-05:00" endTime="2013-07-19T16:06:23.4472019-05:00" testType="13cdc9d9-ddb5-4fa4-a97d-d965ccfc6d4b" outcome="Passed" testListId="8c84fa94-04c1-424b-9868-57a2d4851a1d" relativeResultsDirectory="cf6c4953-700d-4893-ae67-8d4dac9c6d99">
    </UnitTestResult>
    <UnitTestResult executionId="cdd2dea9-ebd2-4bb0-9253-058c78db90d5" testId="d54f7a95-fbe9-9a9e-a269-2a63324d4580" testName="SOrderTest_Execution_Regular" computerName="GBERNAL" duration="00:00:04.8695378" startTime="2013-07-19T16:06:23.4542026-05:00" endTime="2013-07-19T16:06:28.3266898-05:00" testType="13cdc9d9-ddb5-4fa4-a97d-d965ccfc6d4b" outcome="Passed" testListId="8c84fa94-04c1-424b-9868-57a2d4851a1d" relativeResultsDirectory="cdd2dea9-ebd2-4bb0-9253-058c78db90d5">
    </UnitTestResult>
    <UnitTestResult executionId="60ee8702-274b-4d32-9933-f99701f561de" testId="490add42-0425-a4a7-0f6b-7b3ceb5bc1fb" testName="SOrderTest_Execution_Regular_Mock" computerName="GBERNAL" duration="00:00:01.0165328" startTime="2013-07-19T16:06:28.3326904-05:00" endTime="2013-07-19T16:06:29.3517923-05:00" testType="13cdc9d9-ddb5-4fa4-a97d-d965ccfc6d4b" outcome="Passed" testListId="8c84fa94-04c1-424b-9868-57a2d4851a1d" relativeResultsDirectory="60ee8702-274b-4d32-9933-f99701f561de">
    </UnitTestResult>
  </Results>
</TestRun>