<?xml version="1.0" encoding="UTF-8"?>
<TestRun id="cb41c9f9-2e24-4614-a8a3-643f4d04dbee" name="gbernal@GBERNAL 2013-07-19 08:51:02" runUser="SOAM\gbernal" xmlns="http://microsoft.com/schemas/VisualStudio/TeamTest/2010">
  <TestSettings name="Local" id="e3db6095-ce6e-41b0-b542-606337b9d5bd">
    <Description>These are default test settings for a local test run.</Description>
    <Deployment enabled="false" runDeploymentRoot="gbernal_GBERNAL 2013-07-19 08_51_02" />
    <Execution>
      <TestTypeSpecific />
      <AgentRule name="Execution Agents">
      </AgentRule>
    </Execution>
  </TestSettings>
  <Times creation="2013-07-19T08:51:02.0822608-05:00" queuing="2013-07-19T08:51:02.4572983-05:00" start="2013-07-19T08:51:02.5983124-05:00" finish="2013-07-19T08:51:07.6858211-05:00" />
  <ResultSummary outcome="Completed">
    <Counters total="1" executed="1" passed="1" error="0" failed="0" timeout="0" aborted="0" inconclusive="0" passedButRunAborted="0" notRunnable="0" notExecuted="0" disconnected="0" warning="0" completed="0" inProgress="0" pending="0" />
  </ResultSummary>
  <TestDefinitions>
    <UnitTest name="CustomerStatementTest_Execution_Failure_Mock" storage="d:\users\gbernal\desktop\aplicaciones\backupapp\sincosap\sc_v16\scsap_d\sincosap\unit_test\bin\debug\unit_test.dll" id="a968d0b6-8990-d2bb-0b2b-862c6c4c8af9">
      <Execution timeOut="1800000" id="4d9234ee-5524-438f-b62d-10ec2c1ed39b" />
      <TestMethod codeBase="D:/Users/gbernal/Desktop/Aplicaciones/BackUpApp/SINCOSAP/SC_V16/SCSAP_D/SINCOSAP/Unit_Test/bin/Debug/Unit_Test.DLL" adapterTypeName="Microsoft.VisualStudio.TestTools.TestTypes.Unit.UnitTestAdapter, Microsoft.VisualStudio.QualityTools.Tips.UnitTest.Adapter, Version=10.0.0.0, Culture=neutral, PublicKeyToken=b03f5f7f11d50a3a" className="Unit_Test.CustomerStatementTest, Unit_Test, Version=1.0.0.0, Culture=neutral, PublicKeyToken=null" name="CustomerStatementTest_Execution_Failure_Mock" />
    </UnitTest>
  </TestDefinitions>
  <TestLists>
    <TestList name="Results Not in a List" id="8c84fa94-04c1-424b-9868-57a2d4851a1d" />
    <TestList name="All Loaded Results" id="19431567-8539-422a-85d7-44ee4e166bda" />
  </TestLists>
  <TestEntries>
    <TestEntry testId="a968d0b6-8990-d2bb-0b2b-862c6c4c8af9" executionId="4d9234ee-5524-438f-b62d-10ec2c1ed39b" testListId="8c84fa94-04c1-424b-9868-57a2d4851a1d" />
  </TestEntries>
  <Results>
    <UnitTestResult executionId="4d9234ee-5524-438f-b62d-10ec2c1ed39b" testId="a968d0b6-8990-d2bb-0b2b-862c6c4c8af9" testName="CustomerStatementTest_Execution_Failure_Mock" computerName="GBERNAL" duration="00:00:04.8965035" startTime="2013-07-19T08:51:02.6433169-05:00" endTime="2013-07-19T08:51:07.6278153-05:00" testType="13cdc9d9-ddb5-4fa4-a97d-d965ccfc6d4b" outcome="Passed" testListId="8c84fa94-04c1-424b-9868-57a2d4851a1d" relativeResultsDirectory="4d9234ee-5524-438f-b62d-10ec2c1ed39b">
    </UnitTestResult>
  </Results>
</TestRun>