<?xml version="1.0" encoding="UTF-8"?>
<TestRun id="ddc9d60f-ea3f-42b1-b5c5-483e7648d738" name="gbernal@GBERNAL 2013-07-24 15:37:13" runUser="SOAM\gbernal" xmlns="http://microsoft.com/schemas/VisualStudio/TeamTest/2010">
  <TestSettings name="Local" id="e3db6095-ce6e-41b0-b542-606337b9d5bd">
    <Description>These are default test settings for a local test run.</Description>
    <Deployment enabled="false" runDeploymentRoot="gbernal_GBERNAL 2013-07-24 15_37_13" />
    <Execution>
      <TestTypeSpecific />
      <AgentRule name="Execution Agents">
      </AgentRule>
    </Execution>
  </TestSettings>
  <Times creation="2013-07-24T15:37:13.2293143-05:00" queuing="2013-07-24T15:37:14.2589407-05:00" start="2013-07-24T15:37:14.6801515-05:00" finish="2013-07-24T15:38:27.5028187-05:00" />
  <ResultSummary outcome="Completed">
    <Counters total="1" executed="1" passed="1" error="0" failed="0" timeout="0" aborted="0" inconclusive="0" passedButRunAborted="0" notRunnable="0" notExecuted="0" disconnected="0" warning="0" completed="0" inProgress="0" pending="0" />
  </ResultSummary>
  <TestDefinitions>
    <UnitTest name="SqlRdmsConnectionTestExecSP_Select" storage="d:\users\gbernal\desktop\aplicaciones\backupapp\sincosap\sc_v16\scsap_d\sincosap\unit_test\bin\debug\unit_test.dll" id="ca19b8dc-3f75-c7e9-06ab-23abf9522ec1">
      <Execution timeOut="1800000" id="45f33597-74eb-4073-b40a-da48005d10db" />
      <TestMethod codeBase="D:/Users/gbernal/Desktop/Aplicaciones/BackUpApp/SINCOSAP/SC_V16/SCSAP_D/SINCOSAP/Unit_Test/bin/Debug/Unit_Test.DLL" adapterTypeName="Microsoft.VisualStudio.TestTools.TestTypes.Unit.UnitTestAdapter, Microsoft.VisualStudio.QualityTools.Tips.UnitTest.Adapter, Version=10.0.0.0, Culture=neutral, PublicKeyToken=b03f5f7f11d50a3a" className="Unit_Test.DBCnn.SqlRdmsConnectionTest, Unit_Test, Version=1.0.0.0, Culture=neutral, PublicKeyToken=null" name="SqlRdmsConnectionTestExecSP_Select" />
    </UnitTest>
  </TestDefinitions>
  <TestLists>
    <TestList name="Results Not in a List" id="8c84fa94-04c1-424b-9868-57a2d4851a1d" />
    <TestList name="All Loaded Results" id="19431567-8539-422a-85d7-44ee4e166bda" />
  </TestLists>
  <TestEntries>
    <TestEntry testId="ca19b8dc-3f75-c7e9-06ab-23abf9522ec1" executionId="45f33597-74eb-4073-b40a-da48005d10db" testListId="8c84fa94-04c1-424b-9868-57a2d4851a1d" />
  </TestEntries>
  <Results>
    <UnitTestResult executionId="45f33597-74eb-4073-b40a-da48005d10db" testId="ca19b8dc-3f75-c7e9-06ab-23abf9522ec1" testName="SqlRdmsConnectionTestExecSP_Select" computerName="GBERNAL" duration="00:01:12.1745934" startTime="2013-07-24T15:37:15.0233603-05:00" endTime="2013-07-24T15:38:27.3000135-05:00" testType="13cdc9d9-ddb5-4fa4-a97d-d965ccfc6d4b" outcome="Passed" testListId="8c84fa94-04c1-424b-9868-57a2d4851a1d" relativeResultsDirectory="45f33597-74eb-4073-b40a-da48005d10db">
    </UnitTestResult>
  </Results>
</TestRun>