<?xml version="1.0" encoding="UTF-8"?>
<TestRun id="1fa3ecf3-8a80-401b-88d8-0148d7e0ca14" name="gbernal@GBERNAL 2013-07-19 15:48:58" runUser="SOAM\gbernal" xmlns="http://microsoft.com/schemas/VisualStudio/TeamTest/2010">
  <TestSettings name="Local" id="e3db6095-ce6e-41b0-b542-606337b9d5bd">
    <Description>These are default test settings for a local test run.</Description>
    <Deployment enabled="false" runDeploymentRoot="gbernal_GBERNAL 2013-07-19 15_48_58" />
    <Execution>
      <TestTypeSpecific />
      <AgentRule name="Execution Agents">
      </AgentRule>
    </Execution>
  </TestSettings>
  <Times creation="2013-07-19T15:48:58.2406917-05:00" queuing="2013-07-19T15:48:58.6177294-05:00" start="2013-07-19T15:48:58.7647441-05:00" finish="2013-07-19T15:49:09.0217697-05:00" />
  <ResultSummary outcome="Completed">
    <Counters total="4" executed="4" passed="4" error="0" failed="0" timeout="0" aborted="0" inconclusive="0" passedButRunAborted="0" notRunnable="0" notExecuted="0" disconnected="0" warning="0" completed="0" inProgress="0" pending="0" />
  </ResultSummary>
  <TestDefinitions>
    <UnitTest name="SOrderTest_Execution_Failure" storage="d:\users\gbernal\desktop\aplicaciones\backupapp\sincosap\sc_v16\scsap_d\sincosap\unit_test\bin\debug\unit_test.dll" id="cda1e289-0e8c-0548-5eef-46188b7eff36">
      <Execution timeOut="1800000" id="69e82bf6-5c89-4086-a32c-7f9203b01b5e" />
      <TestMethod codeBase="D:/Users/gbernal/Desktop/Aplicaciones/BackUpApp/SINCOSAP/SC_V16/SCSAP_D/SINCOSAP/Unit_Test/bin/Debug/Unit_Test.DLL" adapterTypeName="Microsoft.VisualStudio.TestTools.TestTypes.Unit.UnitTestAdapter, Microsoft.VisualStudio.QualityTools.Tips.UnitTest.Adapter, Version=10.0.0.0, Culture=neutral, PublicKeyToken=b03f5f7f11d50a3a" className="Unit_Test.WS.SOrderTest, Unit_Test, Version=1.0.0.0, Culture=neutral, PublicKeyToken=null" name="SOrderTest_Execution_Failure" />
    </UnitTest>
    <UnitTest name="SOrderTest_Execution_Failure_Mock" storage="d:\users\gbernal\desktop\aplicaciones\backupapp\sincosap\sc_v16\scsap_d\sincosap\unit_test\bin\debug\unit_test.dll" id="b6a610dd-7b07-66c1-f2b8-22b799467e9d">
      <Execution timeOut="1800000" id="4c8f7658-e55f-4adf-be7b-9f09b93f91f6" />
      <TestMethod codeBase="D:/Users/gbernal/Desktop/Aplicaciones/BackUpApp/SINCOSAP/SC_V16/SCSAP_D/SINCOSAP/Unit_Test/bin/Debug/Unit_Test.DLL" adapterTypeName="Microsoft.VisualStudio.TestTools.TestTypes.Unit.UnitTestAdapter, Microsoft.VisualStudio.QualityTools.Tips.UnitTest.Adapter, Version=10.0.0.0, Culture=neutral, PublicKeyToken=b03f5f7f11d50a3a" className="Unit_Test.WS.SOrderTest, Unit_Test, Version=1.0.0.0, Culture=neutral, PublicKeyToken=null" name="SOrderTest_Execution_Failure_Mock" />
    </UnitTest>
    <UnitTest name="SOrderTest_Execution_Regular_Mock" storage="d:\users\gbernal\desktop\aplicaciones\backupapp\sincosap\sc_v16\scsap_d\sincosap\unit_test\bin\debug\unit_test.dll" id="490add42-0425-a4a7-0f6b-7b3ceb5bc1fb">
      <Execution timeOut="1800000" id="c7faebc9-6161-41f8-b0e9-9730d78df523" />
      <TestMethod codeBase="D:/Users/gbernal/Desktop/Aplicaciones/BackUpApp/SINCOSAP/SC_V16/SCSAP_D/SINCOSAP/Unit_Test/bin/Debug/Unit_Test.DLL" adapterTypeName="Microsoft.VisualStudio.TestTools.TestTypes.Unit.UnitTestAdapter, Microsoft.VisualStudio.QualityTools.Tips.UnitTest.Adapter, Version=10.0.0.0, Culture=neutral, PublicKeyToken=b03f5f7f11d50a3a" className="Unit_Test.WS.SOrderTest, Unit_Test, Version=1.0.0.0, Culture=neutral, PublicKeyToken=null" name="SOrderTest_Execution_Regular_Mock" />
    </UnitTest>
    <UnitTest name="SOrderTest_Execution_Regular" storage="d:\users\gbernal\desktop\aplicaciones\backupapp\sincosap\sc_v16\scsap_d\sincosap\unit_test\bin\debug\unit_test.dll" id="d54f7a95-fbe9-9a9e-a269-2a63324d4580">
      <Execution timeOut="1800000" id="1bb866f9-4485-45df-879c-8db19fc60dee" />
      <TestMethod codeBase="D:/Users/gbernal/Desktop/Aplicaciones/BackUpApp/SINCOSAP/SC_V16/SCSAP_D/SINCOSAP/Unit_Test/bin/Debug/Unit_Test.DLL" adapterTypeName="Microsoft.VisualStudio.TestTools.TestTypes.Unit.UnitTestAdapter, Microsoft.VisualStudio.QualityTools.Tips.UnitTest.Adapter, Version=10.0.0.0, Culture=neutral, PublicKeyToken=b03f5f7f11d50a3a" className="Unit_Test.WS.SOrderTest, Unit_Test, Version=1.0.0.0, Culture=neutral, PublicKeyToken=null" name="SOrderTest_Execution_Regular" />
    </UnitTest>
  </TestDefinitions>
  <TestLists>
    <TestList name="Results Not in a List" id="8c84fa94-04c1-424b-9868-57a2d4851a1d" />
    <TestList name="All Loaded Results" id="19431567-8539-422a-85d7-44ee4e166bda" />
  </TestLists>
  <TestEntries>
    <TestEntry testId="cda1e289-0e8c-0548-5eef-46188b7eff36" executionId="69e82bf6-5c89-4086-a32c-7f9203b01b5e" testListId="8c84fa94-04c1-424b-9868-57a2d4851a1d" />
    <TestEntry testId="b6a610dd-7b07-66c1-f2b8-22b799467e9d" executionId="4c8f7658-e55f-4adf-be7b-9f09b93f91f6" testListId="8c84fa94-04c1-424b-9868-57a2d4851a1d" />
    <TestEntry testId="d54f7a95-fbe9-9a9e-a269-2a63324d4580" executionId="1bb866f9-4485-45df-879c-8db19fc60dee" testListId="8c84fa94-04c1-424b-9868-57a2d4851a1d" />
    <TestEntry testId="490add42-0425-a4a7-0f6b-7b3ceb5bc1fb" executionId="c7faebc9-6161-41f8-b0e9-9730d78df523" testListId="8c84fa94-04c1-424b-9868-57a2d4851a1d" />
  </TestEntries>
  <Results>
    <UnitTestResult executionId="69e82bf6-5c89-4086-a32c-7f9203b01b5e" testId="cda1e289-0e8c-0548-5eef-46188b7eff36" testName="SOrderTest_Execution_Failure" computerName="GBERNAL" duration="00:00:04.9910608" startTime="2013-07-19T15:48:58.8097486-05:00" endTime="2013-07-19T15:49:03.8862562-05:00" testType="13cdc9d9-ddb5-4fa4-a97d-d965ccfc6d4b" outcome="Passed" testListId="8c84fa94-04c1-424b-9868-57a2d4851a1d" relativeResultsDirectory="69e82bf6-5c89-4086-a32c-7f9203b01b5e">
    </UnitTestResult>
    <UnitTestResult executionId="4c8f7658-e55f-4adf-be7b-9f09b93f91f6" testId="b6a610dd-7b07-66c1-f2b8-22b799467e9d" testName="SOrderTest_Execution_Failure_Mock" computerName="GBERNAL" duration="00:00:01.0200479" startTime="2013-07-19T15:49:03.8952571-05:00" endTime="2013-07-19T15:49:04.9213597-05:00" testType="13cdc9d9-ddb5-4fa4-a97d-d965ccfc6d4b" outcome="Passed" testListId="8c84fa94-04c1-424b-9868-57a2d4851a1d" relativeResultsDirectory="4c8f7658-e55f-4adf-be7b-9f09b93f91f6">
    </UnitTestResult>
    <UnitTestResult executionId="1bb866f9-4485-45df-879c-8db19fc60dee" testId="d54f7a95-fbe9-9a9e-a269-2a63324d4580" testName="SOrderTest_Execution_Regular" computerName="GBERNAL" duration="00:00:03.0024458" startTime="2013-07-19T15:49:04.9293605-05:00" endTime="2013-07-19T15:49:07.9366612-05:00" testType="13cdc9d9-ddb5-4fa4-a97d-d965ccfc6d4b" outcome="Passed" testListId="8c84fa94-04c1-424b-9868-57a2d4851a1d" relativeResultsDirectory="1bb866f9-4485-45df-879c-8db19fc60dee">
    </UnitTestResult>
    <UnitTestResult executionId="c7faebc9-6161-41f8-b0e9-9730d78df523" testId="490add42-0425-a4a7-0f6b-7b3ceb5bc1fb" testName="SOrderTest_Execution_Regular_Mock" computerName="GBERNAL" duration="00:00:01.0145369" startTime="2013-07-19T15:49:07.9446620-05:00" endTime="2013-07-19T15:49:08.9607636-05:00" testType="13cdc9d9-ddb5-4fa4-a97d-d965ccfc6d4b" outcome="Passed" testListId="8c84fa94-04c1-424b-9868-57a2d4851a1d" relativeResultsDirectory="c7faebc9-6161-41f8-b0e9-9730d78df523">
    </UnitTestResult>
  </Results>
</TestRun>