<?xml version="1.0" encoding="UTF-8"?>
<TestRun id="5f0e6283-a3f0-484f-9e69-469a690013d8" name="gbernal@GBERNAL 2013-07-19 08:41:40" runUser="SOAM\gbernal" xmlns="http://microsoft.com/schemas/VisualStudio/TeamTest/2010">
  <TestSettings name="Local" id="e3db6095-ce6e-41b0-b542-606337b9d5bd">
    <Description>These are default test settings for a local test run.</Description>
    <Deployment enabled="false" runDeploymentRoot="gbernal_GBERNAL 2013-07-19 08_41_40" />
    <Execution>
      <TestTypeSpecific />
      <AgentRule name="Execution Agents">
      </AgentRule>
    </Execution>
  </TestSettings>
  <Times creation="2013-07-19T08:41:40.3380920-05:00" queuing="2013-07-19T08:41:40.7571339-05:00" start="2013-07-19T08:41:40.9701552-05:00" finish="2013-07-19T08:41:50.0580639-05:00" />
  <ResultSummary outcome="Failed">
    <Counters total="1" executed="1" error="0" failed="1" timeout="0" aborted="0" inconclusive="0" passedButRunAborted="0" notRunnable="0" notExecuted="0" disconnected="0" warning="0" passed="0" completed="0" inProgress="0" pending="0" />
  </ResultSummary>
  <TestDefinitions>
    <UnitTest name="CustomerStatementTest_Execution_Regular_Mock" storage="d:\users\gbernal\desktop\aplicaciones\backupapp\sincosap\sc_v16\scsap_d\sincosap\unit_test\bin\debug\unit_test.dll" id="723dbe34-4823-0b26-5b5b-78ca5fb64a04">
      <Execution timeOut="1800000" id="4348bc68-edb1-4e7c-b6f0-21d13d5a4f7a" />
      <TestMethod codeBase="D:/Users/gbernal/Desktop/Aplicaciones/BackUpApp/SINCOSAP/SC_V16/SCSAP_D/SINCOSAP/Unit_Test/bin/Debug/Unit_Test.DLL" adapterTypeName="Microsoft.VisualStudio.TestTools.TestTypes.Unit.UnitTestAdapter, Microsoft.VisualStudio.QualityTools.Tips.UnitTest.Adapter, Version=10.0.0.0, Culture=neutral, PublicKeyToken=b03f5f7f11d50a3a" className="Unit_Test.CustomerStatementTest, Unit_Test, Version=1.0.0.0, Culture=neutral, PublicKeyToken=null" name="CustomerStatementTest_Execution_Regular_Mock" />
    </UnitTest>
  </TestDefinitions>
  <TestLists>
    <TestList name="Results Not in a List" id="8c84fa94-04c1-424b-9868-57a2d4851a1d" />
    <TestList name="All Loaded Results" id="19431567-8539-422a-85d7-44ee4e166bda" />
  </TestLists>
  <TestEntries>
    <TestEntry testId="723dbe34-4823-0b26-5b5b-78ca5fb64a04" executionId="4348bc68-edb1-4e7c-b6f0-21d13d5a4f7a" testListId="8c84fa94-04c1-424b-9868-57a2d4851a1d" />
  </TestEntries>
  <Results>
    <UnitTestResult executionId="4348bc68-edb1-4e7c-b6f0-21d13d5a4f7a" testId="723dbe34-4823-0b26-5b5b-78ca5fb64a04" testName="CustomerStatementTest_Execution_Regular_Mock" computerName="GBERNAL" duration="00:00:08.8115702" startTime="2013-07-19T08:41:41.0721654-05:00" endTime="2013-07-19T08:41:49.9950576-05:00" testType="13cdc9d9-ddb5-4fa4-a97d-d965ccfc6d4b" outcome="Failed" testListId="8c84fa94-04c1-424b-9868-57a2d4851a1d" relativeResultsDirectory="4348bc68-edb1-4e7c-b6f0-21d13d5a4f7a">
      <Output>
        <ErrorInfo>
          <Message>Assert.AreEqual failed. Expected:&lt;Persistence.DTO.WS.CsResponseDto&gt;. Actual:&lt;Persistence.DTO.WS.CsResponseDto&gt;. </Message>
          <StackTrace>   at Unit_Test.CustomerStatementTest.CustomerStatementTest_Execution_Regular_Mock() in D:\Users\gbernal\Desktop\Aplicaciones\BackUpApp\SINCOSAP\SC_V16\SCSAP_D\SINCOSAP\Unit_Test\CustomerStatementTest.cs:line 124
</StackTrace>
        </ErrorInfo>
      </Output>
    </UnitTestResult>
  </Results>
</TestRun>