<?xml version="1.0" encoding="UTF-8"?>
<TestRun id="799fa4c8-aac5-451f-baf5-bca874671e08" name="gbernal@GBERNAL 2013-07-24 14:15:13" runUser="SOAM\gbernal" xmlns="http://microsoft.com/schemas/VisualStudio/TeamTest/2010">
  <TestSettings name="Local" id="e3db6095-ce6e-41b0-b542-606337b9d5bd">
    <Description>These are default test settings for a local test run.</Description>
    <Deployment enabled="false" runDeploymentRoot="gbernal_GBERNAL 2013-07-24 14_15_13" />
    <Execution>
      <TestTypeSpecific />
      <AgentRule name="Execution Agents">
      </AgentRule>
    </Execution>
  </TestSettings>
  <Times creation="2013-07-24T14:15:13.9385202-05:00" queuing="2013-07-24T14:15:14.9525267-05:00" start="2013-07-24T14:15:15.4205297-05:00" finish="2013-07-24T14:15:25.4669941-05:00" />
  <ResultSummary outcome="Completed">
    <Counters total="1" executed="1" passed="1" error="0" failed="0" timeout="0" aborted="0" inconclusive="0" passedButRunAborted="0" notRunnable="0" notExecuted="0" disconnected="0" warning="0" completed="0" inProgress="0" pending="0" />
  </ResultSummary>
  <TestDefinitions>
    <UnitTest name="VolMax" storage="d:\users\gbernal\desktop\aplicaciones\backupapp\sincosap\sc_v16\scsap_d\sincosap\unit_test\bin\debug\unit_test.dll" id="3e29bfe3-3642-322f-e87f-c878502e6737">
      <Execution timeOut="1800000" id="606a43cb-fcaf-42e8-9f95-03cc238aa4c9" />
      <TestMethod codeBase="D:/Users/gbernal/Desktop/Aplicaciones/BackUpApp/SINCOSAP/SC_V16/SCSAP_D/SINCOSAP/Unit_Test/bin/Debug/Unit_Test.DLL" adapterTypeName="Microsoft.VisualStudio.TestTools.TestTypes.Unit.UnitTestAdapter, Microsoft.VisualStudio.QualityTools.Tips.UnitTest.Adapter, Version=10.0.0.0, Culture=neutral, PublicKeyToken=b03f5f7f11d50a3a" className="Unit_Test.DAO.BCfgTest, Unit_Test, Version=1.0.0.0, Culture=neutral, PublicKeyToken=null" name="VolMax" />
    </UnitTest>
  </TestDefinitions>
  <TestLists>
    <TestList name="Results Not in a List" id="8c84fa94-04c1-424b-9868-57a2d4851a1d" />
    <TestList name="All Loaded Results" id="19431567-8539-422a-85d7-44ee4e166bda" />
  </TestLists>
  <TestEntries>
    <TestEntry testId="3e29bfe3-3642-322f-e87f-c878502e6737" executionId="606a43cb-fcaf-42e8-9f95-03cc238aa4c9" testListId="8c84fa94-04c1-424b-9868-57a2d4851a1d" />
  </TestEntries>
  <Results>
    <UnitTestResult executionId="606a43cb-fcaf-42e8-9f95-03cc238aa4c9" testId="3e29bfe3-3642-322f-e87f-c878502e6737" testName="VolMax" computerName="GBERNAL" duration="00:00:09.5347545" startTime="2013-07-24T14:15:15.7481318-05:00" endTime="2013-07-24T14:15:25.3733935-05:00" testType="13cdc9d9-ddb5-4fa4-a97d-d965ccfc6d4b" outcome="Passed" testListId="8c84fa94-04c1-424b-9868-57a2d4851a1d" relativeResultsDirectory="606a43cb-fcaf-42e8-9f95-03cc238aa4c9">
    </UnitTestResult>
  </Results>
</TestRun>