<?xml version="1.0" encoding="UTF-8"?>
<TestRun id="2df0a1a1-ae0d-4dea-b8f4-8bdd29eb653f" name="gbernal@GBERNAL 2013-07-19 15:03:26" runUser="SOAM\gbernal" xmlns="http://microsoft.com/schemas/VisualStudio/TeamTest/2010">
  <TestSettings name="Local" id="e3db6095-ce6e-41b0-b542-606337b9d5bd">
    <Description>These are default test settings for a local test run.</Description>
    <Deployment enabled="false" runDeploymentRoot="gbernal_GBERNAL 2013-07-19 15_03_26" />
    <Execution>
      <TestTypeSpecific />
      <AgentRule name="Execution Agents">
      </AgentRule>
    </Execution>
  </TestSettings>
  <Times creation="2013-07-19T15:03:26.3185268-05:00" queuing="2013-07-19T15:03:26.9635913-05:00" start="2013-07-19T15:03:27.1606110-05:00" finish="2013-07-19T15:03:35.7304679-05:00" />
  <ResultSummary outcome="Failed">
    <Counters total="2" executed="2" error="0" failed="2" timeout="0" aborted="0" inconclusive="0" passedButRunAborted="0" notRunnable="0" notExecuted="0" disconnected="0" warning="0" passed="0" completed="0" inProgress="0" pending="0" />
  </ResultSummary>
  <TestDefinitions>
    <UnitTest name="SOrderTest_Execution_Regular" storage="d:\users\gbernal\desktop\aplicaciones\backupapp\sincosap\sc_v16\scsap_d\sincosap\unit_test\bin\debug\unit_test.dll" id="abf6ebc5-84f3-e173-c5e9-340003973ab8">
      <Execution timeOut="1800000" id="be28bfda-0f94-49d7-924d-af9c8c5db6a6" />
      <TestMethod codeBase="D:/Users/gbernal/Desktop/Aplicaciones/BackUpApp/SINCOSAP/SC_V16/SCSAP_D/SINCOSAP/Unit_Test/bin/Debug/Unit_Test.DLL" adapterTypeName="Microsoft.VisualStudio.TestTools.TestTypes.Unit.UnitTestAdapter, Microsoft.VisualStudio.QualityTools.Tips.UnitTest.Adapter, Version=10.0.0.0, Culture=neutral, PublicKeyToken=b03f5f7f11d50a3a" className="Unit_Test.SOrderTest, Unit_Test, Version=1.0.0.0, Culture=neutral, PublicKeyToken=null" name="SOrderTest_Execution_Regular" />
    </UnitTest>
    <UnitTest name="SOrderTest_Execution_Regular_Mock" storage="d:\users\gbernal\desktop\aplicaciones\backupapp\sincosap\sc_v16\scsap_d\sincosap\unit_test\bin\debug\unit_test.dll" id="4457aa7d-7667-91ed-434b-8bff7bc02632">
      <Execution timeOut="1800000" id="e2a16b0d-b7c4-4464-bfd9-a30d33d70ebc" />
      <TestMethod codeBase="D:/Users/gbernal/Desktop/Aplicaciones/BackUpApp/SINCOSAP/SC_V16/SCSAP_D/SINCOSAP/Unit_Test/bin/Debug/Unit_Test.DLL" adapterTypeName="Microsoft.VisualStudio.TestTools.TestTypes.Unit.UnitTestAdapter, Microsoft.VisualStudio.QualityTools.Tips.UnitTest.Adapter, Version=10.0.0.0, Culture=neutral, PublicKeyToken=b03f5f7f11d50a3a" className="Unit_Test.SOrderTest, Unit_Test, Version=1.0.0.0, Culture=neutral, PublicKeyToken=null" name="SOrderTest_Execution_Regular_Mock" />
    </UnitTest>
  </TestDefinitions>
  <TestLists>
    <TestList name="Results Not in a List" id="8c84fa94-04c1-424b-9868-57a2d4851a1d" />
    <TestList name="All Loaded Results" id="19431567-8539-422a-85d7-44ee4e166bda" />
  </TestLists>
  <TestEntries>
    <TestEntry testId="abf6ebc5-84f3-e173-c5e9-340003973ab8" executionId="be28bfda-0f94-49d7-924d-af9c8c5db6a6" testListId="8c84fa94-04c1-424b-9868-57a2d4851a1d" />
    <TestEntry testId="4457aa7d-7667-91ed-434b-8bff7bc02632" executionId="e2a16b0d-b7c4-4464-bfd9-a30d33d70ebc" testListId="8c84fa94-04c1-424b-9868-57a2d4851a1d" />
  </TestEntries>
  <Results>
    <UnitTestResult executionId="be28bfda-0f94-49d7-924d-af9c8c5db6a6" testId="abf6ebc5-84f3-e173-c5e9-340003973ab8" testName="SOrderTest_Execution_Regular" computerName="GBERNAL" duration="00:00:07.1791658" startTime="2013-07-19T15:03:27.2106160-05:00" endTime="2013-07-19T15:03:34.4943443-05:00" testType="13cdc9d9-ddb5-4fa4-a97d-d965ccfc6d4b" outcome="Failed" testListId="8c84fa94-04c1-424b-9868-57a2d4851a1d" relativeResultsDirectory="be28bfda-0f94-49d7-924d-af9c8c5db6a6">
      <Output>
        <ErrorInfo>
          <Message>Assert.IsTrue failed. </Message>
          <StackTrace>   at Unit_Test.SOrderTest.SOrderTest_Execution_Regular() in D:\Users\gbernal\Desktop\Aplicaciones\BackUpApp\SINCOSAP\SC_V16\SCSAP_D\SINCOSAP\Unit_Test\SOrderTest.cs:line 143
</StackTrace>
        </ErrorInfo>
      </Output>
    </UnitTestResult>
    <UnitTestResult executionId="e2a16b0d-b7c4-4464-bfd9-a30d33d70ebc" testId="4457aa7d-7667-91ed-434b-8bff7bc02632" testName="SOrderTest_Execution_Regular_Mock" computerName="GBERNAL" duration="00:00:01.1482198" startTime="2013-07-19T15:03:34.5023451-05:00" endTime="2013-07-19T15:03:35.6524601-05:00" testType="13cdc9d9-ddb5-4fa4-a97d-d965ccfc6d4b" outcome="Failed" testListId="8c84fa94-04c1-424b-9868-57a2d4851a1d" relativeResultsDirectory="e2a16b0d-b7c4-4464-bfd9-a30d33d70ebc">
      <Output>
        <ErrorInfo>
          <Message>Test method Unit_Test.SOrderTest.SOrderTest_Execution_Regular_Mock threw exception: 
System.IndexOutOfRangeException: Index was outside the bounds of the array.</Message>
          <StackTrace>    at Unit_Test.SOrderTest.SOrderTest_Execution_Regular_Mock() in D:\Users\gbernal\Desktop\Aplicaciones\BackUpApp\SINCOSAP\SC_V16\SCSAP_D\SINCOSAP\Unit_Test\SOrderTest.cs:line 375
</StackTrace>
        </ErrorInfo>
      </Output>
    </UnitTestResult>
  </Results>
</TestRun>