<?xml version="1.0" encoding="UTF-8"?>
<TestRun id="a6447ba8-db61-4e49-9bff-67fc1fdd11e2" name="gbernal@GBERNAL 2013-07-19 16:05:48" runUser="SOAM\gbernal" xmlns="http://microsoft.com/schemas/VisualStudio/TeamTest/2010">
  <TestSettings name="Local" id="e3db6095-ce6e-41b0-b542-606337b9d5bd">
    <Description>These are default test settings for a local test run.</Description>
    <Deployment enabled="false" runDeploymentRoot="gbernal_GBERNAL 2013-07-19 16_05_48" />
    <Execution>
      <TestTypeSpecific />
      <AgentRule name="Execution Agents">
      </AgentRule>
    </Execution>
  </TestSettings>
  <Times creation="2013-07-19T16:05:48.3776953-05:00" queuing="2013-07-19T16:05:48.7557331-05:00" start="2013-07-19T16:05:48.8967472-05:00" finish="2013-07-19T16:05:58.4377012-05:00" />
  <ResultSummary outcome="Completed">
    <Counters total="4" executed="4" passed="4" error="0" failed="0" timeout="0" aborted="0" inconclusive="0" passedButRunAborted="0" notRunnable="0" notExecuted="0" disconnected="0" warning="0" completed="0" inProgress="0" pending="0" />
  </ResultSummary>
  <TestDefinitions>
    <UnitTest name="CustomerStatementTest_Execution_Failure_Mock" storage="d:\users\gbernal\desktop\aplicaciones\backupapp\sincosap\sc_v16\scsap_d\sincosap\unit_test\bin\debug\unit_test.dll" id="245a6e24-889a-1977-9a4e-122aa4810c30">
      <Execution timeOut="1800000" id="ed546510-c6e3-455b-933a-a1a2f7d0e131" />
      <TestMethod codeBase="D:/Users/gbernal/Desktop/Aplicaciones/BackUpApp/SINCOSAP/SC_V16/SCSAP_D/SINCOSAP/Unit_Test/bin/Debug/Unit_Test.DLL" adapterTypeName="Microsoft.VisualStudio.TestTools.TestTypes.Unit.UnitTestAdapter, Microsoft.VisualStudio.QualityTools.Tips.UnitTest.Adapter, Version=10.0.0.0, Culture=neutral, PublicKeyToken=b03f5f7f11d50a3a" className="Unit_Test.WS.CustomerStatementTest, Unit_Test, Version=1.0.0.0, Culture=neutral, PublicKeyToken=null" name="CustomerStatementTest_Execution_Failure_Mock" />
    </UnitTest>
    <UnitTest name="CustomerStatementTest_Execution_Regular_Mock" storage="d:\users\gbernal\desktop\aplicaciones\backupapp\sincosap\sc_v16\scsap_d\sincosap\unit_test\bin\debug\unit_test.dll" id="8f0bfb61-32ad-bb40-9bb2-8072c54b5f75">
      <Execution timeOut="1800000" id="bba20944-b840-4091-8e35-275274abad95" />
      <TestMethod codeBase="D:/Users/gbernal/Desktop/Aplicaciones/BackUpApp/SINCOSAP/SC_V16/SCSAP_D/SINCOSAP/Unit_Test/bin/Debug/Unit_Test.DLL" adapterTypeName="Microsoft.VisualStudio.TestTools.TestTypes.Unit.UnitTestAdapter, Microsoft.VisualStudio.QualityTools.Tips.UnitTest.Adapter, Version=10.0.0.0, Culture=neutral, PublicKeyToken=b03f5f7f11d50a3a" className="Unit_Test.WS.CustomerStatementTest, Unit_Test, Version=1.0.0.0, Culture=neutral, PublicKeyToken=null" name="CustomerStatementTest_Execution_Regular_Mock" />
    </UnitTest>
    <UnitTest name="CustomerStatementTest_Execution_Failure" storage="d:\users\gbernal\desktop\aplicaciones\backupapp\sincosap\sc_v16\scsap_d\sincosap\unit_test\bin\debug\unit_test.dll" id="863f4b9f-e944-600a-2f93-29c66928c91f">
      <Execution timeOut="1800000" id="64074de5-9e11-40e4-b1fb-936b384e7b56" />
      <TestMethod codeBase="D:/Users/gbernal/Desktop/Aplicaciones/BackUpApp/SINCOSAP/SC_V16/SCSAP_D/SINCOSAP/Unit_Test/bin/Debug/Unit_Test.DLL" adapterTypeName="Microsoft.VisualStudio.TestTools.TestTypes.Unit.UnitTestAdapter, Microsoft.VisualStudio.QualityTools.Tips.UnitTest.Adapter, Version=10.0.0.0, Culture=neutral, PublicKeyToken=b03f5f7f11d50a3a" className="Unit_Test.WS.CustomerStatementTest, Unit_Test, Version=1.0.0.0, Culture=neutral, PublicKeyToken=null" name="CustomerStatementTest_Execution_Failure" />
    </UnitTest>
    <UnitTest name="CustomerStatementTest_Execution_Regular" storage="d:\users\gbernal\desktop\aplicaciones\backupapp\sincosap\sc_v16\scsap_d\sincosap\unit_test\bin\debug\unit_test.dll" id="ad648db2-6677-0ae7-b114-75df6f472b29">
      <Execution timeOut="1800000" id="26319129-508b-452c-ad05-c9ea059c238e" />
      <TestMethod codeBase="D:/Users/gbernal/Desktop/Aplicaciones/BackUpApp/SINCOSAP/SC_V16/SCSAP_D/SINCOSAP/Unit_Test/bin/Debug/Unit_Test.DLL" adapterTypeName="Microsoft.VisualStudio.TestTools.TestTypes.Unit.UnitTestAdapter, Microsoft.VisualStudio.QualityTools.Tips.UnitTest.Adapter, Version=10.0.0.0, Culture=neutral, PublicKeyToken=b03f5f7f11d50a3a" className="Unit_Test.WS.CustomerStatementTest, Unit_Test, Version=1.0.0.0, Culture=neutral, PublicKeyToken=null" name="CustomerStatementTest_Execution_Regular" />
    </UnitTest>
  </TestDefinitions>
  <TestLists>
    <TestList name="Results Not in a List" id="8c84fa94-04c1-424b-9868-57a2d4851a1d" />
    <TestList name="All Loaded Results" id="19431567-8539-422a-85d7-44ee4e166bda" />
  </TestLists>
  <TestEntries>
    <TestEntry testId="863f4b9f-e944-600a-2f93-29c66928c91f" executionId="64074de5-9e11-40e4-b1fb-936b384e7b56" testListId="8c84fa94-04c1-424b-9868-57a2d4851a1d" />
    <TestEntry testId="245a6e24-889a-1977-9a4e-122aa4810c30" executionId="ed546510-c6e3-455b-933a-a1a2f7d0e131" testListId="8c84fa94-04c1-424b-9868-57a2d4851a1d" />
    <TestEntry testId="ad648db2-6677-0ae7-b114-75df6f472b29" executionId="26319129-508b-452c-ad05-c9ea059c238e" testListId="8c84fa94-04c1-424b-9868-57a2d4851a1d" />
    <TestEntry testId="8f0bfb61-32ad-bb40-9bb2-8072c54b5f75" executionId="bba20944-b840-4091-8e35-275274abad95" testListId="8c84fa94-04c1-424b-9868-57a2d4851a1d" />
  </TestEntries>
  <Results>
    <UnitTestResult executionId="64074de5-9e11-40e4-b1fb-936b384e7b56" testId="863f4b9f-e944-600a-2f93-29c66928c91f" testName="CustomerStatementTest_Execution_Failure" computerName="GBERNAL" duration="00:00:05.1463100" startTime="2013-07-19T16:05:48.9407516-05:00" endTime="2013-07-19T16:05:54.1722747-05:00" testType="13cdc9d9-ddb5-4fa4-a97d-d965ccfc6d4b" outcome="Passed" testListId="8c84fa94-04c1-424b-9868-57a2d4851a1d" relativeResultsDirectory="64074de5-9e11-40e4-b1fb-936b384e7b56">
    </UnitTestResult>
    <UnitTestResult executionId="ed546510-c6e3-455b-933a-a1a2f7d0e131" testId="245a6e24-889a-1977-9a4e-122aa4810c30" testName="CustomerStatementTest_Execution_Failure_Mock" computerName="GBERNAL" duration="00:00:01.0209017" startTime="2013-07-19T16:05:54.1792754-05:00" endTime="2013-07-19T16:05:55.2043779-05:00" testType="13cdc9d9-ddb5-4fa4-a97d-d965ccfc6d4b" outcome="Passed" testListId="8c84fa94-04c1-424b-9868-57a2d4851a1d" relativeResultsDirectory="ed546510-c6e3-455b-933a-a1a2f7d0e131">
    </UnitTestResult>
    <UnitTestResult executionId="26319129-508b-452c-ad05-c9ea059c238e" testId="ad648db2-6677-0ae7-b114-75df6f472b29" testName="CustomerStatementTest_Execution_Regular" computerName="GBERNAL" duration="00:00:02.1444260" startTime="2013-07-19T16:05:55.2113786-05:00" endTime="2013-07-19T16:05:57.3585933-05:00" testType="13cdc9d9-ddb5-4fa4-a97d-d965ccfc6d4b" outcome="Passed" testListId="8c84fa94-04c1-424b-9868-57a2d4851a1d" relativeResultsDirectory="26319129-508b-452c-ad05-c9ea059c238e">
    </UnitTestResult>
    <UnitTestResult executionId="bba20944-b840-4091-8e35-275274abad95" testId="8f0bfb61-32ad-bb40-9bb2-8072c54b5f75" testName="CustomerStatementTest_Execution_Regular_Mock" computerName="GBERNAL" duration="00:00:01.0133825" startTime="2013-07-19T16:05:57.3645939-05:00" endTime="2013-07-19T16:05:58.3806955-05:00" testType="13cdc9d9-ddb5-4fa4-a97d-d965ccfc6d4b" outcome="Passed" testListId="8c84fa94-04c1-424b-9868-57a2d4851a1d" relativeResultsDirectory="bba20944-b840-4091-8e35-275274abad95">
    </UnitTestResult>
  </Results>
</TestRun>