<?xml version="1.0" encoding="UTF-8"?>
<TestRun id="0dda7be3-47ac-4b3f-882f-6f9bcf1a8873" name="gbernal@GBERNAL 2013-07-19 17:10:44" runUser="SOAM\gbernal" xmlns="http://microsoft.com/schemas/VisualStudio/TeamTest/2010">
  <TestSettings name="Local" id="e3db6095-ce6e-41b0-b542-606337b9d5bd">
    <Description>These are default test settings for a local test run.</Description>
    <Deployment enabled="false" runDeploymentRoot="gbernal_GBERNAL 2013-07-19 17_10_44" />
    <Execution>
      <TestTypeSpecific />
      <AgentRule name="Execution Agents">
      </AgentRule>
    </Execution>
  </TestSettings>
  <Times creation="2013-07-19T17:10:44.9273113-05:00" queuing="2013-07-19T17:10:45.3533539-05:00" start="2013-07-19T17:10:45.5533739-05:00" finish="2013-07-19T17:10:56.9465131-05:00" />
  <ResultSummary outcome="Completed">
    <Counters total="4" executed="4" passed="4" error="0" failed="0" timeout="0" aborted="0" inconclusive="0" passedButRunAborted="0" notRunnable="0" notExecuted="0" disconnected="0" warning="0" completed="0" inProgress="0" pending="0" />
  </ResultSummary>
  <TestDefinitions>
    <UnitTest name="SOrderTest_Execution_Failure" storage="d:\users\gbernal\desktop\aplicaciones\backupapp\sincosap\sc_v16\scsap_d\sincosap\unit_test\bin\debug\unit_test.dll" id="cda1e289-0e8c-0548-5eef-46188b7eff36">
      <Execution timeOut="1800000" id="a9dacf30-f9bd-47e0-a1c9-6ab468c3455d" />
      <TestMethod codeBase="D:/Users/gbernal/Desktop/Aplicaciones/BackUpApp/SINCOSAP/SC_V16/SCSAP_D/SINCOSAP/Unit_Test/bin/Debug/Unit_Test.DLL" adapterTypeName="Microsoft.VisualStudio.TestTools.TestTypes.Unit.UnitTestAdapter, Microsoft.VisualStudio.QualityTools.Tips.UnitTest.Adapter, Version=10.0.0.0, Culture=neutral, PublicKeyToken=b03f5f7f11d50a3a" className="Unit_Test.WS.SOrderTest, Unit_Test, Version=1.0.0.0, Culture=neutral, PublicKeyToken=null" name="SOrderTest_Execution_Failure" />
    </UnitTest>
    <UnitTest name="SOrderTest_Execution_Failure_Mock" storage="d:\users\gbernal\desktop\aplicaciones\backupapp\sincosap\sc_v16\scsap_d\sincosap\unit_test\bin\debug\unit_test.dll" id="b6a610dd-7b07-66c1-f2b8-22b799467e9d">
      <Execution timeOut="1800000" id="4991af10-714e-424d-b455-5c1e1c2c9c8f" />
      <TestMethod codeBase="D:/Users/gbernal/Desktop/Aplicaciones/BackUpApp/SINCOSAP/SC_V16/SCSAP_D/SINCOSAP/Unit_Test/bin/Debug/Unit_Test.DLL" adapterTypeName="Microsoft.VisualStudio.TestTools.TestTypes.Unit.UnitTestAdapter, Microsoft.VisualStudio.QualityTools.Tips.UnitTest.Adapter, Version=10.0.0.0, Culture=neutral, PublicKeyToken=b03f5f7f11d50a3a" className="Unit_Test.WS.SOrderTest, Unit_Test, Version=1.0.0.0, Culture=neutral, PublicKeyToken=null" name="SOrderTest_Execution_Failure_Mock" />
    </UnitTest>
    <UnitTest name="SOrderTest_Execution_Regular_Mock" storage="d:\users\gbernal\desktop\aplicaciones\backupapp\sincosap\sc_v16\scsap_d\sincosap\unit_test\bin\debug\unit_test.dll" id="490add42-0425-a4a7-0f6b-7b3ceb5bc1fb">
      <Execution timeOut="1800000" id="9d5b884a-79b4-4d3b-9e50-e789dc03f525" />
      <TestMethod codeBase="D:/Users/gbernal/Desktop/Aplicaciones/BackUpApp/SINCOSAP/SC_V16/SCSAP_D/SINCOSAP/Unit_Test/bin/Debug/Unit_Test.DLL" adapterTypeName="Microsoft.VisualStudio.TestTools.TestTypes.Unit.UnitTestAdapter, Microsoft.VisualStudio.QualityTools.Tips.UnitTest.Adapter, Version=10.0.0.0, Culture=neutral, PublicKeyToken=b03f5f7f11d50a3a" className="Unit_Test.WS.SOrderTest, Unit_Test, Version=1.0.0.0, Culture=neutral, PublicKeyToken=null" name="SOrderTest_Execution_Regular_Mock" />
    </UnitTest>
    <UnitTest name="SOrderTest_Execution_Regular" storage="d:\users\gbernal\desktop\aplicaciones\backupapp\sincosap\sc_v16\scsap_d\sincosap\unit_test\bin\debug\unit_test.dll" id="d54f7a95-fbe9-9a9e-a269-2a63324d4580">
      <Execution timeOut="1800000" id="67479125-f08e-45b0-b1c6-9dc54bf7e3bf" />
      <TestMethod codeBase="D:/Users/gbernal/Desktop/Aplicaciones/BackUpApp/SINCOSAP/SC_V16/SCSAP_D/SINCOSAP/Unit_Test/bin/Debug/Unit_Test.DLL" adapterTypeName="Microsoft.VisualStudio.TestTools.TestTypes.Unit.UnitTestAdapter, Microsoft.VisualStudio.QualityTools.Tips.UnitTest.Adapter, Version=10.0.0.0, Culture=neutral, PublicKeyToken=b03f5f7f11d50a3a" className="Unit_Test.WS.SOrderTest, Unit_Test, Version=1.0.0.0, Culture=neutral, PublicKeyToken=null" name="SOrderTest_Execution_Regular" />
    </UnitTest>
  </TestDefinitions>
  <TestLists>
    <TestList name="Results Not in a List" id="8c84fa94-04c1-424b-9868-57a2d4851a1d" />
    <TestList name="All Loaded Results" id="19431567-8539-422a-85d7-44ee4e166bda" />
  </TestLists>
  <TestEntries>
    <TestEntry testId="cda1e289-0e8c-0548-5eef-46188b7eff36" executionId="a9dacf30-f9bd-47e0-a1c9-6ab468c3455d" testListId="8c84fa94-04c1-424b-9868-57a2d4851a1d" />
    <TestEntry testId="b6a610dd-7b07-66c1-f2b8-22b799467e9d" executionId="4991af10-714e-424d-b455-5c1e1c2c9c8f" testListId="8c84fa94-04c1-424b-9868-57a2d4851a1d" />
    <TestEntry testId="d54f7a95-fbe9-9a9e-a269-2a63324d4580" executionId="67479125-f08e-45b0-b1c6-9dc54bf7e3bf" testListId="8c84fa94-04c1-424b-9868-57a2d4851a1d" />
    <TestEntry testId="490add42-0425-a4a7-0f6b-7b3ceb5bc1fb" executionId="9d5b884a-79b4-4d3b-9e50-e789dc03f525" testListId="8c84fa94-04c1-424b-9868-57a2d4851a1d" />
  </TestEntries>
  <Results>
    <UnitTestResult executionId="a9dacf30-f9bd-47e0-a1c9-6ab468c3455d" testId="cda1e289-0e8c-0548-5eef-46188b7eff36" testName="SOrderTest_Execution_Failure" computerName="GBERNAL" duration="00:00:05.1295173" startTime="2013-07-19T17:10:45.6003786-05:00" endTime="2013-07-19T17:10:50.8299015-05:00" testType="13cdc9d9-ddb5-4fa4-a97d-d965ccfc6d4b" outcome="Passed" testListId="8c84fa94-04c1-424b-9868-57a2d4851a1d" relativeResultsDirectory="a9dacf30-f9bd-47e0-a1c9-6ab468c3455d">
    </UnitTestResult>
    <UnitTestResult executionId="4991af10-714e-424d-b455-5c1e1c2c9c8f" testId="b6a610dd-7b07-66c1-f2b8-22b799467e9d" testName="SOrderTest_Execution_Failure_Mock" computerName="GBERNAL" duration="00:00:01.0199589" startTime="2013-07-19T17:10:50.8379023-05:00" endTime="2013-07-19T17:10:51.8600045-05:00" testType="13cdc9d9-ddb5-4fa4-a97d-d965ccfc6d4b" outcome="Passed" testListId="8c84fa94-04c1-424b-9868-57a2d4851a1d" relativeResultsDirectory="4991af10-714e-424d-b455-5c1e1c2c9c8f">
    </UnitTestResult>
    <UnitTestResult executionId="67479125-f08e-45b0-b1c6-9dc54bf7e3bf" testId="d54f7a95-fbe9-9a9e-a269-2a63324d4580" testName="SOrderTest_Execution_Regular" computerName="GBERNAL" duration="00:00:03.9950878" startTime="2013-07-19T17:10:51.8670052-05:00" endTime="2013-07-19T17:10:55.8644049-05:00" testType="13cdc9d9-ddb5-4fa4-a97d-d965ccfc6d4b" outcome="Passed" testListId="8c84fa94-04c1-424b-9868-57a2d4851a1d" relativeResultsDirectory="67479125-f08e-45b0-b1c6-9dc54bf7e3bf">
    </UnitTestResult>
    <UnitTestResult executionId="9d5b884a-79b4-4d3b-9e50-e789dc03f525" testId="490add42-0425-a4a7-0f6b-7b3ceb5bc1fb" testName="SOrderTest_Execution_Regular_Mock" computerName="GBERNAL" duration="00:00:01.0155300" startTime="2013-07-19T17:10:55.8704055-05:00" endTime="2013-07-19T17:10:56.8885073-05:00" testType="13cdc9d9-ddb5-4fa4-a97d-d965ccfc6d4b" outcome="Passed" testListId="8c84fa94-04c1-424b-9868-57a2d4851a1d" relativeResultsDirectory="9d5b884a-79b4-4d3b-9e50-e789dc03f525">
    </UnitTestResult>
  </Results>
</TestRun>