<?xml version="1.0" encoding="UTF-8"?>
<TestRun id="13baee65-c116-44fb-9528-5924c75e884f" name="gbernal@GBERNAL 2013-07-24 15:42:05" runUser="SOAM\gbernal" xmlns="http://microsoft.com/schemas/VisualStudio/TeamTest/2010">
  <TestSettings name="Local" id="e3db6095-ce6e-41b0-b542-606337b9d5bd">
    <Description>These are default test settings for a local test run.</Description>
    <Deployment enabled="false" runDeploymentRoot="gbernal_GBERNAL 2013-07-24 15_42_05" />
    <Execution>
      <TestTypeSpecific />
      <AgentRule name="Execution Agents">
      </AgentRule>
    </Execution>
  </TestSettings>
  <Times creation="2013-07-24T15:42:05.3468043-05:00" queuing="2013-07-24T15:42:06.3764307-05:00" start="2013-07-24T15:42:06.7820411-05:00" finish="2013-07-24T15:45:52.7070339-05:00" />
  <ResultSummary outcome="Error">
    <Counters total="1" error="0" failed="0" timeout="0" aborted="0" inconclusive="0" passedButRunAborted="0" notRunnable="0" notExecuted="1" disconnected="0" warning="0" passed="0" completed="0" inProgress="0" pending="0" />
    <RunInfos>
      <RunInfo computerName="GBERNAL" outcome="Error" timestamp="2013-07-24T15:45:52.6914335-05:00">
        <Text>The connection to the controller was lost.</Text>
      </RunInfo>
    </RunInfos>
  </ResultSummary>
  <TestDefinitions>
    <UnitTest name="SqlRdmsConnectionTestExecSP_TestObject" storage="d:\users\gbernal\desktop\aplicaciones\backupapp\sincosap\sc_v16\scsap_d\sincosap\unit_test\bin\debug\unit_test.dll" id="ce277c78-ba99-d2a1-e02e-dac737a53233">
      <Execution timeOut="1800000" id="e47d52ae-4d3a-486e-bb2c-d832c0deec47" />
      <TestMethod codeBase="D:/Users/gbernal/Desktop/Aplicaciones/BackUpApp/SINCOSAP/SC_V16/SCSAP_D/SINCOSAP/Unit_Test/bin/Debug/Unit_Test.DLL" adapterTypeName="Microsoft.VisualStudio.TestTools.TestTypes.Unit.UnitTestAdapter, Microsoft.VisualStudio.QualityTools.Tips.UnitTest.Adapter, Version=10.0.0.0, Culture=neutral, PublicKeyToken=b03f5f7f11d50a3a" className="Unit_Test.DBCnn.SqlRdmsConnectionTest, Unit_Test, Version=1.0.0.0, Culture=neutral, PublicKeyToken=null" name="SqlRdmsConnectionTestExecSP_TestObject" />
    </UnitTest>
  </TestDefinitions>
  <TestLists>
    <TestList name="Results Not in a List" id="8c84fa94-04c1-424b-9868-57a2d4851a1d" />
    <TestList name="All Loaded Results" id="19431567-8539-422a-85d7-44ee4e166bda" />
  </TestLists>
  <TestEntries>
    <TestEntry testId="ce277c78-ba99-d2a1-e02e-dac737a53233" executionId="e47d52ae-4d3a-486e-bb2c-d832c0deec47" testListId="8c84fa94-04c1-424b-9868-57a2d4851a1d" />
  </TestEntries>
  <Results>
    <UnitTestResult executionId="e47d52ae-4d3a-486e-bb2c-d832c0deec47" testId="ce277c78-ba99-d2a1-e02e-dac737a53233" testName="SqlRdmsConnectionTestExecSP_TestObject" computerName="GBERNAL" startTime="2013-07-24T15:42:07.1096495-05:00" testType="13cdc9d9-ddb5-4fa4-a97d-d965ccfc6d4b" outcome="NotExecuted" testListId="8c84fa94-04c1-424b-9868-57a2d4851a1d" relativeResultsDirectory="e47d52ae-4d3a-486e-bb2c-d832c0deec47">
    </UnitTestResult>
  </Results>
</TestRun>