<?xml version="1.0" encoding="UTF-8"?>
<TestRun id="2598fd72-e7e8-41e7-9cf9-f1b2bd8945a4" name="gbernal@GBERNAL 2013-07-24 15:24:31" runUser="SOAM\gbernal" xmlns="http://microsoft.com/schemas/VisualStudio/TeamTest/2010">
  <TestSettings name="Local" id="e3db6095-ce6e-41b0-b542-606337b9d5bd">
    <Description>These are default test settings for a local test run.</Description>
    <Deployment enabled="false" runDeploymentRoot="gbernal_GBERNAL 2013-07-24 15_24_31" />
    <Execution>
      <TestTypeSpecific />
      <AgentRule name="Execution Agents">
      </AgentRule>
    </Execution>
  </TestSettings>
  <Times creation="2013-07-24T15:24:31.2130736-05:00" queuing="2013-07-24T15:24:32.2270996-05:00" start="2013-07-24T15:24:32.6171096-05:00" finish="2013-07-24T15:26:14.1445128-05:00" />
  <ResultSummary outcome="Completed">
    <Counters total="1" executed="1" passed="1" error="0" failed="0" timeout="0" aborted="0" inconclusive="0" passedButRunAborted="0" notRunnable="0" notExecuted="0" disconnected="0" warning="0" completed="0" inProgress="0" pending="0" />
  </ResultSummary>
  <TestDefinitions>
    <UnitTest name="SqlRdmsConnectionTestExecSP_TestObject" storage="d:\users\gbernal\desktop\aplicaciones\backupapp\sincosap\sc_v16\scsap_d\sincosap\unit_test\bin\debug\unit_test.dll" id="ce277c78-ba99-d2a1-e02e-dac737a53233">
      <Execution timeOut="1800000" id="c75a671d-8bd8-49dc-b556-7a1a777f47c5" />
      <TestMethod codeBase="D:/Users/gbernal/Desktop/Aplicaciones/BackUpApp/SINCOSAP/SC_V16/SCSAP_D/SINCOSAP/Unit_Test/bin/Debug/Unit_Test.DLL" adapterTypeName="Microsoft.VisualStudio.TestTools.TestTypes.Unit.UnitTestAdapter, Microsoft.VisualStudio.QualityTools.Tips.UnitTest.Adapter, Version=10.0.0.0, Culture=neutral, PublicKeyToken=b03f5f7f11d50a3a" className="Unit_Test.DBCnn.SqlRdmsConnectionTest, Unit_Test, Version=1.0.0.0, Culture=neutral, PublicKeyToken=null" name="SqlRdmsConnectionTestExecSP_TestObject" />
    </UnitTest>
  </TestDefinitions>
  <TestLists>
    <TestList name="Results Not in a List" id="8c84fa94-04c1-424b-9868-57a2d4851a1d" />
    <TestList name="All Loaded Results" id="19431567-8539-422a-85d7-44ee4e166bda" />
  </TestLists>
  <TestEntries>
    <TestEntry testId="ce277c78-ba99-d2a1-e02e-dac737a53233" executionId="c75a671d-8bd8-49dc-b556-7a1a777f47c5" testListId="8c84fa94-04c1-424b-9868-57a2d4851a1d" />
  </TestEntries>
  <Results>
    <UnitTestResult executionId="c75a671d-8bd8-49dc-b556-7a1a777f47c5" testId="ce277c78-ba99-d2a1-e02e-dac737a53233" testName="SqlRdmsConnectionTestExecSP_TestObject" computerName="GBERNAL" duration="00:01:40.9511404" startTime="2013-07-24T15:24:32.9603184-05:00" endTime="2013-07-24T15:26:14.0509104-05:00" testType="13cdc9d9-ddb5-4fa4-a97d-d965ccfc6d4b" outcome="Passed" testListId="8c84fa94-04c1-424b-9868-57a2d4851a1d" relativeResultsDirectory="c75a671d-8bd8-49dc-b556-7a1a777f47c5">
    </UnitTestResult>
  </Results>
</TestRun>