<?xml version="1.0" encoding="UTF-8"?>
<TestRun id="27534061-5aed-464e-a45b-bb6ba7d36001" name="gbernal@GBERNAL 2013-07-23 17:51:04" runUser="SOAM\gbernal" xmlns="http://microsoft.com/schemas/VisualStudio/TeamTest/2010">
  <TestSettings name="Local" id="e3db6095-ce6e-41b0-b542-606337b9d5bd">
    <Description>These are default test settings for a local test run.</Description>
    <Deployment enabled="false" runDeploymentRoot="gbernal_GBERNAL 2013-07-23 17_51_04" />
    <Execution>
      <TestTypeSpecific />
      <AgentRule name="Execution Agents">
      </AgentRule>
    </Execution>
  </TestSettings>
  <Times creation="2013-07-23T17:51:04.4808703-05:00" queuing="2013-07-23T17:51:04.8219044-05:00" start="2013-07-23T17:51:05.1139336-05:00" finish="2013-07-23T17:52:36.6750888-05:00" />
  <ResultSummary outcome="Failed">
    <Counters total="1" executed="1" error="0" failed="1" timeout="0" aborted="0" inconclusive="0" passedButRunAborted="0" notRunnable="0" notExecuted="0" disconnected="0" warning="0" passed="0" completed="0" inProgress="0" pending="0" />
  </ResultSummary>
  <TestDefinitions>
    <UnitTest name="SqlRdmsConnectionTestExecuteCommand" storage="d:\users\gbernal\desktop\aplicaciones\backupapp\sincosap\sc_v16\scsap_d\sincosap\unit_test\bin\debug\unit_test.dll" id="eb06c941-2370-ca6d-a98b-8d42e3b6ce69">
      <Execution timeOut="1800000" id="71a9e14f-b0da-42f1-8ac1-dcc5adb92453" />
      <TestMethod codeBase="D:/Users/gbernal/Desktop/Aplicaciones/BackUpApp/SINCOSAP/SC_V16/SCSAP_D/SINCOSAP/Unit_Test/bin/Debug/Unit_Test.DLL" adapterTypeName="Microsoft.VisualStudio.TestTools.TestTypes.Unit.UnitTestAdapter, Microsoft.VisualStudio.QualityTools.Tips.UnitTest.Adapter, Version=10.0.0.0, Culture=neutral, PublicKeyToken=b03f5f7f11d50a3a" className="Unit_Test.SqlRdmsConnectionTest, Unit_Test, Version=1.0.0.0, Culture=neutral, PublicKeyToken=null" name="SqlRdmsConnectionTestExecuteCommand" />
    </UnitTest>
  </TestDefinitions>
  <TestLists>
    <TestList name="Results Not in a List" id="8c84fa94-04c1-424b-9868-57a2d4851a1d" />
    <TestList name="All Loaded Results" id="19431567-8539-422a-85d7-44ee4e166bda" />
  </TestLists>
  <TestEntries>
    <TestEntry testId="eb06c941-2370-ca6d-a98b-8d42e3b6ce69" executionId="71a9e14f-b0da-42f1-8ac1-dcc5adb92453" testListId="8c84fa94-04c1-424b-9868-57a2d4851a1d" />
  </TestEntries>
  <Results>
    <UnitTestResult executionId="71a9e14f-b0da-42f1-8ac1-dcc5adb92453" testId="eb06c941-2370-ca6d-a98b-8d42e3b6ce69" testName="SqlRdmsConnectionTestExecuteCommand" computerName="GBERNAL" duration="00:01:31.2263494" startTime="2013-07-23T17:51:05.1909413-05:00" endTime="2013-07-23T17:52:36.5710784-05:00" testType="13cdc9d9-ddb5-4fa4-a97d-d965ccfc6d4b" outcome="Failed" testListId="8c84fa94-04c1-424b-9868-57a2d4851a1d" relativeResultsDirectory="71a9e14f-b0da-42f1-8ac1-dcc5adb92453">
      <Output>
        <ErrorInfo>
          <Message>Test method Unit_Test.SqlRdmsConnectionTest.SqlRdmsConnectionTestExecuteCommand threw exception: 
System.MissingMethodException: No parameterless constructor defined for this object.</Message>
          <StackTrace>    at System.RuntimeTypeHandle.CreateInstance(RuntimeType type, Boolean publicOnly, Boolean noCheck, Boolean&amp; canBeCached, RuntimeMethodHandleInternal&amp; ctor, Boolean&amp; bNeedSecurityCheck)
   at System.RuntimeType.CreateInstanceSlow(Boolean publicOnly, Boolean skipCheckThis, Boolean fillCache)
   at System.RuntimeType.CreateInstanceDefaultCtor(Boolean publicOnly, Boolean skipVisibilityChecks, Boolean skipCheckThis, Boolean fillCache)
   at System.Activator.CreateInstance(Type type, Boolean nonPublic)
   at System.Activator.CreateInstance(Type type)
   at Persistence.DAO.DBcnn.SqlRdmsConnection`1.Execute(Boolean hasRet) in D:\Users\gbernal\Desktop\Aplicaciones\BackUpApp\SINCOSAP\SC_V16\SCSAP_D\SINCOSAP\Persistence\DAO\DBCnn\RdmsConnection.cs:line 111
   at Unit_Test.SqlRdmsConnectionTest.SqlRdmsConnectionTestExecuteCommand() in D:\Users\gbernal\Desktop\Aplicaciones\BackUpApp\SINCOSAP\SC_V16\SCSAP_D\SINCOSAP\Unit_Test\SqlRdmsConnectionTest.cs:line 91
</StackTrace>
        </ErrorInfo>
      </Output>
    </UnitTestResult>
  </Results>
</TestRun>