<?xml version="1.0" encoding="UTF-8"?>
<TestRun id="654c49e7-d5d1-45ea-af3e-b1589986ab49" name="gbernal@GBERNAL 2013-07-19 16:02:44" runUser="SOAM\gbernal" xmlns="http://microsoft.com/schemas/VisualStudio/TeamTest/2010">
  <TestSettings name="Local" id="e3db6095-ce6e-41b0-b542-606337b9d5bd">
    <Description>These are default test settings for a local test run.</Description>
    <Deployment enabled="false" runDeploymentRoot="gbernal_GBERNAL 2013-07-19 16_02_44" />
    <Execution>
      <TestTypeSpecific />
      <AgentRule name="Execution Agents">
      </AgentRule>
    </Execution>
  </TestSettings>
  <Times creation="2013-07-19T16:02:44.6763270-05:00" queuing="2013-07-19T16:02:45.0513645-05:00" start="2013-07-19T16:02:45.1943788-05:00" finish="2013-07-19T16:02:50.1618755-05:00" />
  <ResultSummary outcome="Completed">
    <Counters total="1" executed="1" passed="1" error="0" failed="0" timeout="0" aborted="0" inconclusive="0" passedButRunAborted="0" notRunnable="0" notExecuted="0" disconnected="0" warning="0" completed="0" inProgress="0" pending="0" />
  </ResultSummary>
  <TestDefinitions>
    <UnitTest name="CustomerStatementTest_Execution_Failure_Mock" storage="d:\users\gbernal\desktop\aplicaciones\backupapp\sincosap\sc_v16\scsap_d\sincosap\unit_test\bin\debug\unit_test.dll" id="245a6e24-889a-1977-9a4e-122aa4810c30">
      <Execution timeOut="1800000" id="69fd226e-0fe5-4fe4-8db1-05b7442f1643" />
      <TestMethod codeBase="D:/Users/gbernal/Desktop/Aplicaciones/BackUpApp/SINCOSAP/SC_V16/SCSAP_D/SINCOSAP/Unit_Test/bin/Debug/Unit_Test.DLL" adapterTypeName="Microsoft.VisualStudio.TestTools.TestTypes.Unit.UnitTestAdapter, Microsoft.VisualStudio.QualityTools.Tips.UnitTest.Adapter, Version=10.0.0.0, Culture=neutral, PublicKeyToken=b03f5f7f11d50a3a" className="Unit_Test.WS.CustomerStatementTest, Unit_Test, Version=1.0.0.0, Culture=neutral, PublicKeyToken=null" name="CustomerStatementTest_Execution_Failure_Mock" />
    </UnitTest>
  </TestDefinitions>
  <TestLists>
    <TestList name="Results Not in a List" id="8c84fa94-04c1-424b-9868-57a2d4851a1d" />
    <TestList name="All Loaded Results" id="19431567-8539-422a-85d7-44ee4e166bda" />
  </TestLists>
  <TestEntries>
    <TestEntry testId="245a6e24-889a-1977-9a4e-122aa4810c30" executionId="69fd226e-0fe5-4fe4-8db1-05b7442f1643" testListId="8c84fa94-04c1-424b-9868-57a2d4851a1d" />
  </TestEntries>
  <Results>
    <UnitTestResult executionId="69fd226e-0fe5-4fe4-8db1-05b7442f1643" testId="245a6e24-889a-1977-9a4e-122aa4810c30" testName="CustomerStatementTest_Execution_Failure_Mock" computerName="GBERNAL" duration="00:00:04.7768403" startTime="2013-07-19T16:02:45.2403834-05:00" endTime="2013-07-19T16:02:50.1028696-05:00" testType="13cdc9d9-ddb5-4fa4-a97d-d965ccfc6d4b" outcome="Passed" testListId="8c84fa94-04c1-424b-9868-57a2d4851a1d" relativeResultsDirectory="69fd226e-0fe5-4fe4-8db1-05b7442f1643">
    </UnitTestResult>
  </Results>
</TestRun>