<?xml version="1.0" encoding="UTF-8"?>
<TestRun id="968cc47f-330d-42f1-8bc0-8d1c571bd122" name="gbernal@GBERNAL 2013-07-24 19:26:44" runUser="SOAM\gbernal" xmlns="http://microsoft.com/schemas/VisualStudio/TeamTest/2010">
  <TestSettings name="Local" id="e3db6095-ce6e-41b0-b542-606337b9d5bd">
    <Description>These are default test settings for a local test run.</Description>
    <Deployment enabled="false" runDeploymentRoot="gbernal_GBERNAL 2013-07-24 19_26_44" />
    <Execution>
      <TestTypeSpecific />
      <AgentRule name="Execution Agents">
      </AgentRule>
    </Execution>
  </TestSettings>
  <Times creation="2013-07-24T19:26:44.5512277-05:00" queuing="2013-07-24T19:26:45.9864645-05:00" start="2013-07-24T19:26:46.4544765-05:00" finish="2013-07-24T19:27:12.5071445-05:00" />
  <ResultSummary outcome="Completed">
    <Counters total="1" executed="1" passed="1" error="0" failed="0" timeout="0" aborted="0" inconclusive="0" passedButRunAborted="0" notRunnable="0" notExecuted="0" disconnected="0" warning="0" completed="0" inProgress="0" pending="0" />
  </ResultSummary>
  <TestDefinitions>
    <UnitTest name="CargosCliDao" storage="d:\users\gbernal\desktop\aplicaciones\backupapp\sincosap\sc_v16\scsap_d\sincosap\unit_test\bin\debug\unit_test.dll" id="976fe7d0-a6b8-8ee8-6e31-86f89c9bc18f">
      <Execution timeOut="1800000" id="960fbc72-02ee-4cf2-857a-9b7fc04eb05c" />
      <TestMethod codeBase="D:/Users/gbernal/Desktop/Aplicaciones/BackUpApp/SINCOSAP/SC_V16/SCSAP_D/SINCOSAP/Unit_Test/bin/Debug/Unit_Test.DLL" adapterTypeName="Microsoft.VisualStudio.TestTools.TestTypes.Unit.UnitTestAdapter, Microsoft.VisualStudio.QualityTools.Tips.UnitTest.Adapter, Version=10.0.0.0, Culture=neutral, PublicKeyToken=b03f5f7f11d50a3a" className="Unit_Test.DAO.BCfgTest, Unit_Test, Version=1.0.0.0, Culture=neutral, PublicKeyToken=null" name="CargosCliDao" />
    </UnitTest>
  </TestDefinitions>
  <TestLists>
    <TestList name="Results Not in a List" id="8c84fa94-04c1-424b-9868-57a2d4851a1d" />
    <TestList name="All Loaded Results" id="19431567-8539-422a-85d7-44ee4e166bda" />
  </TestLists>
  <TestEntries>
    <TestEntry testId="976fe7d0-a6b8-8ee8-6e31-86f89c9bc18f" executionId="960fbc72-02ee-4cf2-857a-9b7fc04eb05c" testListId="8c84fa94-04c1-424b-9868-57a2d4851a1d" />
  </TestEntries>
  <Results>
    <UnitTestResult executionId="960fbc72-02ee-4cf2-857a-9b7fc04eb05c" testId="976fe7d0-a6b8-8ee8-6e31-86f89c9bc18f" testName="CargosCliDao" computerName="GBERNAL" duration="00:00:25.2695836" startTime="2013-07-24T19:26:46.8756873-05:00" endTime="2013-07-24T19:27:12.3667409-05:00" testType="13cdc9d9-ddb5-4fa4-a97d-d965ccfc6d4b" outcome="Passed" testListId="8c84fa94-04c1-424b-9868-57a2d4851a1d" relativeResultsDirectory="960fbc72-02ee-4cf2-857a-9b7fc04eb05c">
    </UnitTestResult>
  </Results>
</TestRun>