<?xml version="1.0" encoding="UTF-8"?>
<TestRun id="db9743c2-613b-4c4f-9266-cdad161086bd" name="gbernal@GBERNAL 2013-07-19 15:47:01" runUser="SOAM\gbernal" xmlns="http://microsoft.com/schemas/VisualStudio/TeamTest/2010">
  <TestSettings name="Local" id="e3db6095-ce6e-41b0-b542-606337b9d5bd">
    <Description>These are default test settings for a local test run.</Description>
    <Deployment enabled="false" runDeploymentRoot="gbernal_GBERNAL 2013-07-19 15_47_01" />
    <Execution>
      <TestTypeSpecific />
      <AgentRule name="Execution Agents">
      </AgentRule>
    </Execution>
  </TestSettings>
  <Times creation="2013-07-19T15:47:01.7310419-05:00" queuing="2013-07-19T15:47:02.2760964-05:00" start="2013-07-19T15:47:02.4901178-05:00" finish="2013-07-19T15:47:22.1930879-05:00" />
  <ResultSummary outcome="Completed">
    <Counters total="1" executed="1" passed="1" error="0" failed="0" timeout="0" aborted="0" inconclusive="0" passedButRunAborted="0" notRunnable="0" notExecuted="0" disconnected="0" warning="0" completed="0" inProgress="0" pending="0" />
  </ResultSummary>
  <TestDefinitions>
    <UnitTest name="SOrderTest_Execution_Failure_Mock" storage="d:\users\gbernal\desktop\aplicaciones\backupapp\sincosap\sc_v16\scsap_d\sincosap\unit_test\bin\debug\unit_test.dll" id="b37036d0-4d03-72dc-91e8-2ba79a137926">
      <Execution timeOut="1800000" id="5e90e73f-431c-4b65-903c-1446c602c48c" />
      <TestMethod codeBase="D:/Users/gbernal/Desktop/Aplicaciones/BackUpApp/SINCOSAP/SC_V16/SCSAP_D/SINCOSAP/Unit_Test/bin/Debug/Unit_Test.DLL" adapterTypeName="Microsoft.VisualStudio.TestTools.TestTypes.Unit.UnitTestAdapter, Microsoft.VisualStudio.QualityTools.Tips.UnitTest.Adapter, Version=10.0.0.0, Culture=neutral, PublicKeyToken=b03f5f7f11d50a3a" className="Unit_Test.SOrderTest, Unit_Test, Version=1.0.0.0, Culture=neutral, PublicKeyToken=null" name="SOrderTest_Execution_Failure_Mock" />
    </UnitTest>
  </TestDefinitions>
  <TestLists>
    <TestList name="Results Not in a List" id="8c84fa94-04c1-424b-9868-57a2d4851a1d" />
    <TestList name="All Loaded Results" id="19431567-8539-422a-85d7-44ee4e166bda" />
  </TestLists>
  <TestEntries>
    <TestEntry testId="b37036d0-4d03-72dc-91e8-2ba79a137926" executionId="5e90e73f-431c-4b65-903c-1446c602c48c" testListId="8c84fa94-04c1-424b-9868-57a2d4851a1d" />
  </TestEntries>
  <Results>
    <UnitTestResult executionId="5e90e73f-431c-4b65-903c-1446c602c48c" testId="b37036d0-4d03-72dc-91e8-2ba79a137926" testName="SOrderTest_Execution_Failure_Mock" computerName="GBERNAL" duration="00:00:19.4091428" startTime="2013-07-19T15:47:02.5671255-05:00" endTime="2013-07-19T15:47:22.0980784-05:00" testType="13cdc9d9-ddb5-4fa4-a97d-d965ccfc6d4b" outcome="Passed" testListId="8c84fa94-04c1-424b-9868-57a2d4851a1d" relativeResultsDirectory="5e90e73f-431c-4b65-903c-1446c602c48c">
    </UnitTestResult>
  </Results>
</TestRun>