<?xml version="1.0" encoding="UTF-8"?>
<TestRun id="159fa3d4-f99e-4626-b088-87ca1620cdea" name="gbernal@GBERNAL 2013-07-23 18:03:29" runUser="SOAM\gbernal" xmlns="http://microsoft.com/schemas/VisualStudio/TeamTest/2010">
  <TestSettings name="Local" id="e3db6095-ce6e-41b0-b542-606337b9d5bd">
    <Description>These are default test settings for a local test run.</Description>
    <Deployment enabled="false" runDeploymentRoot="gbernal_GBERNAL 2013-07-23 18_03_29" />
    <Execution>
      <TestTypeSpecific />
      <AgentRule name="Execution Agents">
      </AgentRule>
    </Execution>
  </TestSettings>
  <Times creation="2013-07-23T18:03:29.3823530-05:00" queuing="2013-07-23T18:03:29.6063754-05:00" start="2013-07-23T18:03:29.7503898-05:00" finish="2013-07-23T18:03:30.3914539-05:00" />
  <ResultSummary outcome="Completed">
    <Counters total="1" executed="1" passed="1" error="0" failed="0" timeout="0" aborted="0" inconclusive="0" passedButRunAborted="0" notRunnable="0" notExecuted="0" disconnected="0" warning="0" completed="0" inProgress="0" pending="0" />
  </ResultSummary>
  <TestDefinitions>
    <UnitTest name="SqlRdmsConnectionTestExecuteCommand" storage="d:\users\gbernal\desktop\aplicaciones\backupapp\sincosap\sc_v16\scsap_d\sincosap\unit_test\bin\debug\unit_test.dll" id="eb06c941-2370-ca6d-a98b-8d42e3b6ce69">
      <Execution timeOut="1800000" id="f7c59f15-978b-408e-a492-9aa0d7a55f84" />
      <TestMethod codeBase="D:/Users/gbernal/Desktop/Aplicaciones/BackUpApp/SINCOSAP/SC_V16/SCSAP_D/SINCOSAP/Unit_Test/bin/Debug/Unit_Test.DLL" adapterTypeName="Microsoft.VisualStudio.TestTools.TestTypes.Unit.UnitTestAdapter, Microsoft.VisualStudio.QualityTools.Tips.UnitTest.Adapter, Version=10.0.0.0, Culture=neutral, PublicKeyToken=b03f5f7f11d50a3a" className="Unit_Test.SqlRdmsConnectionTest, Unit_Test, Version=1.0.0.0, Culture=neutral, PublicKeyToken=null" name="SqlRdmsConnectionTestExecuteCommand" />
    </UnitTest>
  </TestDefinitions>
  <TestLists>
    <TestList name="Results Not in a List" id="8c84fa94-04c1-424b-9868-57a2d4851a1d" />
    <TestList name="All Loaded Results" id="19431567-8539-422a-85d7-44ee4e166bda" />
  </TestLists>
  <TestEntries>
    <TestEntry testId="eb06c941-2370-ca6d-a98b-8d42e3b6ce69" executionId="f7c59f15-978b-408e-a492-9aa0d7a55f84" testListId="8c84fa94-04c1-424b-9868-57a2d4851a1d" />
  </TestEntries>
  <Results>
    <UnitTestResult executionId="f7c59f15-978b-408e-a492-9aa0d7a55f84" testId="eb06c941-2370-ca6d-a98b-8d42e3b6ce69" testName="SqlRdmsConnectionTestExecuteCommand" computerName="GBERNAL" duration="00:00:00.4457227" startTime="2013-07-23T18:03:29.7983946-05:00" endTime="2013-07-23T18:03:30.3254473-05:00" testType="13cdc9d9-ddb5-4fa4-a97d-d965ccfc6d4b" outcome="Passed" testListId="8c84fa94-04c1-424b-9868-57a2d4851a1d" relativeResultsDirectory="f7c59f15-978b-408e-a492-9aa0d7a55f84">
    </UnitTestResult>
  </Results>
</TestRun>