<?xml version="1.0" encoding="UTF-8"?>
<TestRun id="b28f5df5-683d-43fd-8eb4-3a9926e79d3a" name="gbernal@GBERNAL 2013-07-19 08:52:45" runUser="SOAM\gbernal" xmlns="http://microsoft.com/schemas/VisualStudio/TeamTest/2010">
  <TestSettings name="Local" id="e3db6095-ce6e-41b0-b542-606337b9d5bd">
    <Description>These are default test settings for a local test run.</Description>
    <Deployment enabled="false" runDeploymentRoot="gbernal_GBERNAL 2013-07-19 08_52_45" />
    <Execution>
      <TestTypeSpecific />
      <AgentRule name="Execution Agents">
      </AgentRule>
    </Execution>
  </TestSettings>
  <Times creation="2013-07-19T08:52:45.6036119-05:00" queuing="2013-07-19T08:52:45.9776493-05:00" start="2013-07-19T08:52:46.1186634-05:00" finish="2013-07-19T08:52:52.7383253-05:00" />
  <ResultSummary outcome="Failed">
    <Counters total="2" executed="2" passed="1" error="0" failed="1" timeout="0" aborted="0" inconclusive="0" passedButRunAborted="0" notRunnable="0" notExecuted="0" disconnected="0" warning="0" completed="0" inProgress="0" pending="0" />
  </ResultSummary>
  <TestDefinitions>
    <UnitTest name="CustomerStatementTest_Execution_Failure" storage="d:\users\gbernal\desktop\aplicaciones\backupapp\sincosap\sc_v16\scsap_d\sincosap\unit_test\bin\debug\unit_test.dll" id="b3acdd6e-bb3e-1675-01c6-523a26995057">
      <Execution timeOut="1800000" id="ebb97b02-2d37-48ba-8608-bc2b822182c9" />
      <TestMethod codeBase="D:/Users/gbernal/Desktop/Aplicaciones/BackUpApp/SINCOSAP/SC_V16/SCSAP_D/SINCOSAP/Unit_Test/bin/Debug/Unit_Test.DLL" adapterTypeName="Microsoft.VisualStudio.TestTools.TestTypes.Unit.UnitTestAdapter, Microsoft.VisualStudio.QualityTools.Tips.UnitTest.Adapter, Version=10.0.0.0, Culture=neutral, PublicKeyToken=b03f5f7f11d50a3a" className="Unit_Test.CustomerStatementTest, Unit_Test, Version=1.0.0.0, Culture=neutral, PublicKeyToken=null" name="CustomerStatementTest_Execution_Failure" />
    </UnitTest>
    <UnitTest name="CustomerStatementTest_Execution_Failure_Mock" storage="d:\users\gbernal\desktop\aplicaciones\backupapp\sincosap\sc_v16\scsap_d\sincosap\unit_test\bin\debug\unit_test.dll" id="a968d0b6-8990-d2bb-0b2b-862c6c4c8af9">
      <Execution timeOut="1800000" id="bfe6f40e-b71f-43e2-a572-d6d76f7afe5d" />
      <TestMethod codeBase="D:/Users/gbernal/Desktop/Aplicaciones/BackUpApp/SINCOSAP/SC_V16/SCSAP_D/SINCOSAP/Unit_Test/bin/Debug/Unit_Test.DLL" adapterTypeName="Microsoft.VisualStudio.TestTools.TestTypes.Unit.UnitTestAdapter, Microsoft.VisualStudio.QualityTools.Tips.UnitTest.Adapter, Version=10.0.0.0, Culture=neutral, PublicKeyToken=b03f5f7f11d50a3a" className="Unit_Test.CustomerStatementTest, Unit_Test, Version=1.0.0.0, Culture=neutral, PublicKeyToken=null" name="CustomerStatementTest_Execution_Failure_Mock" />
    </UnitTest>
  </TestDefinitions>
  <TestLists>
    <TestList name="Results Not in a List" id="8c84fa94-04c1-424b-9868-57a2d4851a1d" />
    <TestList name="All Loaded Results" id="19431567-8539-422a-85d7-44ee4e166bda" />
  </TestLists>
  <TestEntries>
    <TestEntry testId="b3acdd6e-bb3e-1675-01c6-523a26995057" executionId="ebb97b02-2d37-48ba-8608-bc2b822182c9" testListId="8c84fa94-04c1-424b-9868-57a2d4851a1d" />
    <TestEntry testId="a968d0b6-8990-d2bb-0b2b-862c6c4c8af9" executionId="bfe6f40e-b71f-43e2-a572-d6d76f7afe5d" testListId="8c84fa94-04c1-424b-9868-57a2d4851a1d" />
  </TestEntries>
  <Results>
    <UnitTestResult executionId="ebb97b02-2d37-48ba-8608-bc2b822182c9" testId="b3acdd6e-bb3e-1675-01c6-523a26995057" testName="CustomerStatementTest_Execution_Failure" computerName="GBERNAL" duration="00:00:05.3690485" startTime="2013-07-19T08:52:46.1616677-05:00" endTime="2013-07-19T08:52:51.6152130-05:00" testType="13cdc9d9-ddb5-4fa4-a97d-d965ccfc6d4b" outcome="Failed" testListId="8c84fa94-04c1-424b-9868-57a2d4851a1d" relativeResultsDirectory="ebb97b02-2d37-48ba-8608-bc2b822182c9">
      <Output>
        <ErrorInfo>
          <Message>Assert.IsTrue failed. </Message>
          <StackTrace>   at Unit_Test.CustomerStatementTest.CustomerStatementTest_Execution_Failure() in D:\Users\gbernal\Desktop\Aplicaciones\BackUpApp\SINCOSAP\SC_V16\SCSAP_D\SINCOSAP\Unit_Test\CustomerStatementTest.cs:line 104
</StackTrace>
        </ErrorInfo>
      </Output>
    </UnitTestResult>
    <UnitTestResult executionId="bfe6f40e-b71f-43e2-a572-d6d76f7afe5d" testId="a968d0b6-8990-d2bb-0b2b-862c6c4c8af9" testName="CustomerStatementTest_Execution_Failure_Mock" computerName="GBERNAL" duration="00:00:01.0562944" startTime="2013-07-19T08:52:51.6232138-05:00" endTime="2013-07-19T08:52:52.6823197-05:00" testType="13cdc9d9-ddb5-4fa4-a97d-d965ccfc6d4b" outcome="Passed" testListId="8c84fa94-04c1-424b-9868-57a2d4851a1d" relativeResultsDirectory="bfe6f40e-b71f-43e2-a572-d6d76f7afe5d">
    </UnitTestResult>
  </Results>
</TestRun>