<?xml version="1.0" encoding="UTF-8"?>
<TestRun id="9503d70d-d502-4074-93a9-54d5d5a6abcb" name="gbernal@GBERNAL 2013-07-19 15:45:38" runUser="SOAM\gbernal" xmlns="http://microsoft.com/schemas/VisualStudio/TeamTest/2010">
  <TestSettings name="Local" id="e3db6095-ce6e-41b0-b542-606337b9d5bd">
    <Description>These are default test settings for a local test run.</Description>
    <Deployment enabled="false" runDeploymentRoot="gbernal_GBERNAL 2013-07-19 15_45_38" />
    <Execution>
      <TestTypeSpecific />
      <AgentRule name="Execution Agents">
      </AgentRule>
    </Execution>
  </TestSettings>
  <Times creation="2013-07-19T15:45:38.0036700-05:00" queuing="2013-07-19T15:45:38.3827079-05:00" start="2013-07-19T15:45:38.5277224-05:00" finish="2013-07-19T15:45:43.7582454-05:00" />
  <ResultSummary outcome="Completed">
    <Counters total="1" executed="1" passed="1" error="0" failed="0" timeout="0" aborted="0" inconclusive="0" passedButRunAborted="0" notRunnable="0" notExecuted="0" disconnected="0" warning="0" completed="0" inProgress="0" pending="0" />
  </ResultSummary>
  <TestDefinitions>
    <UnitTest name="SOrderTest_Execution_Regular_Mock" storage="d:\users\gbernal\desktop\aplicaciones\backupapp\sincosap\sc_v16\scsap_d\sincosap\unit_test\bin\debug\unit_test.dll" id="4457aa7d-7667-91ed-434b-8bff7bc02632">
      <Execution timeOut="1800000" id="d0e18c01-adf0-4834-b70b-4fa16e0178ad" />
      <TestMethod codeBase="D:/Users/gbernal/Desktop/Aplicaciones/BackUpApp/SINCOSAP/SC_V16/SCSAP_D/SINCOSAP/Unit_Test/bin/Debug/Unit_Test.DLL" adapterTypeName="Microsoft.VisualStudio.TestTools.TestTypes.Unit.UnitTestAdapter, Microsoft.VisualStudio.QualityTools.Tips.UnitTest.Adapter, Version=10.0.0.0, Culture=neutral, PublicKeyToken=b03f5f7f11d50a3a" className="Unit_Test.SOrderTest, Unit_Test, Version=1.0.0.0, Culture=neutral, PublicKeyToken=null" name="SOrderTest_Execution_Regular_Mock" />
    </UnitTest>
  </TestDefinitions>
  <TestLists>
    <TestList name="Results Not in a List" id="8c84fa94-04c1-424b-9868-57a2d4851a1d" />
    <TestList name="All Loaded Results" id="19431567-8539-422a-85d7-44ee4e166bda" />
  </TestLists>
  <TestEntries>
    <TestEntry testId="4457aa7d-7667-91ed-434b-8bff7bc02632" executionId="d0e18c01-adf0-4834-b70b-4fa16e0178ad" testListId="8c84fa94-04c1-424b-9868-57a2d4851a1d" />
  </TestEntries>
  <Results>
    <UnitTestResult executionId="d0e18c01-adf0-4834-b70b-4fa16e0178ad" testId="4457aa7d-7667-91ed-434b-8bff7bc02632" testName="SOrderTest_Execution_Regular_Mock" computerName="GBERNAL" duration="00:00:05.0126863" startTime="2013-07-19T15:45:38.5727269-05:00" endTime="2013-07-19T15:45:43.6982394-05:00" testType="13cdc9d9-ddb5-4fa4-a97d-d965ccfc6d4b" outcome="Passed" testListId="8c84fa94-04c1-424b-9868-57a2d4851a1d" relativeResultsDirectory="d0e18c01-adf0-4834-b70b-4fa16e0178ad">
    </UnitTestResult>
  </Results>
</TestRun>