<?xml version="1.0" encoding="UTF-8"?>
<TestRun id="a7886965-c061-43e0-ab9d-f8fda21a7f3a" name="gbernal@GBERNAL 2013-07-19 15:56:43" runUser="SOAM\gbernal" xmlns="http://microsoft.com/schemas/VisualStudio/TeamTest/2010">
  <TestSettings name="Local" id="e3db6095-ce6e-41b0-b542-606337b9d5bd">
    <Description>These are default test settings for a local test run.</Description>
    <Deployment enabled="false" runDeploymentRoot="gbernal_GBERNAL 2013-07-19 15_56_43" />
    <Execution>
      <TestTypeSpecific />
      <AgentRule name="Execution Agents">
      </AgentRule>
    </Execution>
  </TestSettings>
  <Times creation="2013-07-19T15:56:43.7852415-05:00" queuing="2013-07-19T15:56:44.1752805-05:00" start="2013-07-19T15:56:44.3192949-05:00" finish="2013-07-19T15:56:53.0741703-05:00" />
  <ResultSummary outcome="Failed">
    <Counters total="4" executed="4" passed="3" error="0" failed="1" timeout="0" aborted="0" inconclusive="0" passedButRunAborted="0" notRunnable="0" notExecuted="0" disconnected="0" warning="0" completed="0" inProgress="0" pending="0" />
  </ResultSummary>
  <TestDefinitions>
    <UnitTest name="CustomerStatementTest_Execution_Failure_Mock" storage="d:\users\gbernal\desktop\aplicaciones\backupapp\sincosap\sc_v16\scsap_d\sincosap\unit_test\bin\debug\unit_test.dll" id="245a6e24-889a-1977-9a4e-122aa4810c30">
      <Execution timeOut="1800000" id="9e7fa771-e78d-4edc-b6f2-48f20d1bfb67" />
      <TestMethod codeBase="D:/Users/gbernal/Desktop/Aplicaciones/BackUpApp/SINCOSAP/SC_V16/SCSAP_D/SINCOSAP/Unit_Test/bin/Debug/Unit_Test.DLL" adapterTypeName="Microsoft.VisualStudio.TestTools.TestTypes.Unit.UnitTestAdapter, Microsoft.VisualStudio.QualityTools.Tips.UnitTest.Adapter, Version=10.0.0.0, Culture=neutral, PublicKeyToken=b03f5f7f11d50a3a" className="Unit_Test.WS.CustomerStatementTest, Unit_Test, Version=1.0.0.0, Culture=neutral, PublicKeyToken=null" name="CustomerStatementTest_Execution_Failure_Mock" />
    </UnitTest>
    <UnitTest name="CustomerStatementTest_Execution_Regular_Mock" storage="d:\users\gbernal\desktop\aplicaciones\backupapp\sincosap\sc_v16\scsap_d\sincosap\unit_test\bin\debug\unit_test.dll" id="8f0bfb61-32ad-bb40-9bb2-8072c54b5f75">
      <Execution timeOut="1800000" id="9ac06389-2fff-4ab6-8c56-341509a70150" />
      <TestMethod codeBase="D:/Users/gbernal/Desktop/Aplicaciones/BackUpApp/SINCOSAP/SC_V16/SCSAP_D/SINCOSAP/Unit_Test/bin/Debug/Unit_Test.DLL" adapterTypeName="Microsoft.VisualStudio.TestTools.TestTypes.Unit.UnitTestAdapter, Microsoft.VisualStudio.QualityTools.Tips.UnitTest.Adapter, Version=10.0.0.0, Culture=neutral, PublicKeyToken=b03f5f7f11d50a3a" className="Unit_Test.WS.CustomerStatementTest, Unit_Test, Version=1.0.0.0, Culture=neutral, PublicKeyToken=null" name="CustomerStatementTest_Execution_Regular_Mock" />
    </UnitTest>
    <UnitTest name="CustomerStatementTest_Execution_Failure" storage="d:\users\gbernal\desktop\aplicaciones\backupapp\sincosap\sc_v16\scsap_d\sincosap\unit_test\bin\debug\unit_test.dll" id="863f4b9f-e944-600a-2f93-29c66928c91f">
      <Execution timeOut="1800000" id="2ffe4f69-0dba-4316-9fb9-b8d6a0bd32d5" />
      <TestMethod codeBase="D:/Users/gbernal/Desktop/Aplicaciones/BackUpApp/SINCOSAP/SC_V16/SCSAP_D/SINCOSAP/Unit_Test/bin/Debug/Unit_Test.DLL" adapterTypeName="Microsoft.VisualStudio.TestTools.TestTypes.Unit.UnitTestAdapter, Microsoft.VisualStudio.QualityTools.Tips.UnitTest.Adapter, Version=10.0.0.0, Culture=neutral, PublicKeyToken=b03f5f7f11d50a3a" className="Unit_Test.WS.CustomerStatementTest, Unit_Test, Version=1.0.0.0, Culture=neutral, PublicKeyToken=null" name="CustomerStatementTest_Execution_Failure" />
    </UnitTest>
    <UnitTest name="CustomerStatementTest_Execution_Regular" storage="d:\users\gbernal\desktop\aplicaciones\backupapp\sincosap\sc_v16\scsap_d\sincosap\unit_test\bin\debug\unit_test.dll" id="ad648db2-6677-0ae7-b114-75df6f472b29">
      <Execution timeOut="1800000" id="d4cdd295-e365-4441-9e48-4f42566b2f5e" />
      <TestMethod codeBase="D:/Users/gbernal/Desktop/Aplicaciones/BackUpApp/SINCOSAP/SC_V16/SCSAP_D/SINCOSAP/Unit_Test/bin/Debug/Unit_Test.DLL" adapterTypeName="Microsoft.VisualStudio.TestTools.TestTypes.Unit.UnitTestAdapter, Microsoft.VisualStudio.QualityTools.Tips.UnitTest.Adapter, Version=10.0.0.0, Culture=neutral, PublicKeyToken=b03f5f7f11d50a3a" className="Unit_Test.WS.CustomerStatementTest, Unit_Test, Version=1.0.0.0, Culture=neutral, PublicKeyToken=null" name="CustomerStatementTest_Execution_Regular" />
    </UnitTest>
  </TestDefinitions>
  <TestLists>
    <TestList name="Results Not in a List" id="8c84fa94-04c1-424b-9868-57a2d4851a1d" />
    <TestList name="All Loaded Results" id="19431567-8539-422a-85d7-44ee4e166bda" />
  </TestLists>
  <TestEntries>
    <TestEntry testId="863f4b9f-e944-600a-2f93-29c66928c91f" executionId="2ffe4f69-0dba-4316-9fb9-b8d6a0bd32d5" testListId="8c84fa94-04c1-424b-9868-57a2d4851a1d" />
    <TestEntry testId="245a6e24-889a-1977-9a4e-122aa4810c30" executionId="9e7fa771-e78d-4edc-b6f2-48f20d1bfb67" testListId="8c84fa94-04c1-424b-9868-57a2d4851a1d" />
    <TestEntry testId="ad648db2-6677-0ae7-b114-75df6f472b29" executionId="d4cdd295-e365-4441-9e48-4f42566b2f5e" testListId="8c84fa94-04c1-424b-9868-57a2d4851a1d" />
    <TestEntry testId="8f0bfb61-32ad-bb40-9bb2-8072c54b5f75" executionId="9ac06389-2fff-4ab6-8c56-341509a70150" testListId="8c84fa94-04c1-424b-9868-57a2d4851a1d" />
  </TestEntries>
  <Results>
    <UnitTestResult executionId="2ffe4f69-0dba-4316-9fb9-b8d6a0bd32d5" testId="863f4b9f-e944-600a-2f93-29c66928c91f" testName="CustomerStatementTest_Execution_Failure" computerName="GBERNAL" duration="00:00:05.2274302" startTime="2013-07-19T15:56:44.3652995-05:00" endTime="2013-07-19T15:56:49.6768306-05:00" testType="13cdc9d9-ddb5-4fa4-a97d-d965ccfc6d4b" outcome="Passed" testListId="8c84fa94-04c1-424b-9868-57a2d4851a1d" relativeResultsDirectory="2ffe4f69-0dba-4316-9fb9-b8d6a0bd32d5">
    </UnitTestResult>
    <UnitTestResult executionId="9e7fa771-e78d-4edc-b6f2-48f20d1bfb67" testId="245a6e24-889a-1977-9a4e-122aa4810c30" testName="CustomerStatementTest_Execution_Failure_Mock" computerName="GBERNAL" duration="00:00:01.0299137" startTime="2013-07-19T15:56:49.6848314-05:00" endTime="2013-07-19T15:56:50.7169346-05:00" testType="13cdc9d9-ddb5-4fa4-a97d-d965ccfc6d4b" outcome="Passed" testListId="8c84fa94-04c1-424b-9868-57a2d4851a1d" relativeResultsDirectory="9e7fa771-e78d-4edc-b6f2-48f20d1bfb67">
    </UnitTestResult>
    <UnitTestResult executionId="d4cdd295-e365-4441-9e48-4f42566b2f5e" testId="ad648db2-6677-0ae7-b114-75df6f472b29" testName="CustomerStatementTest_Execution_Regular" computerName="GBERNAL" duration="00:00:01.2455054" startTime="2013-07-19T15:56:50.7239353-05:00" endTime="2013-07-19T15:56:51.9710600-05:00" testType="13cdc9d9-ddb5-4fa4-a97d-d965ccfc6d4b" outcome="Passed" testListId="8c84fa94-04c1-424b-9868-57a2d4851a1d" relativeResultsDirectory="d4cdd295-e365-4441-9e48-4f42566b2f5e">
    </UnitTestResult>
    <UnitTestResult executionId="9ac06389-2fff-4ab6-8c56-341509a70150" testId="8f0bfb61-32ad-bb40-9bb2-8072c54b5f75" testName="CustomerStatementTest_Execution_Regular_Mock" computerName="GBERNAL" duration="00:00:01.0372336" startTime="2013-07-19T15:56:51.9780607-05:00" endTime="2013-07-19T15:56:53.0171646-05:00" testType="13cdc9d9-ddb5-4fa4-a97d-d965ccfc6d4b" outcome="Failed" testListId="8c84fa94-04c1-424b-9868-57a2d4851a1d" relativeResultsDirectory="9ac06389-2fff-4ab6-8c56-341509a70150">
      <Output>
        <ErrorInfo>
          <Message>Assert.AreEqual failed. Expected:&lt;0050301790&gt;. Actual:&lt;0050301790 = 0050301790&gt;. </Message>
          <StackTrace>   at Unit_Test.WS.CustomerStatementTest.CustomerStatementTest_Execution_Regular_Mock() in D:\Users\gbernal\Desktop\Aplicaciones\BackUpApp\SINCOSAP\SC_V16\SCSAP_D\SINCOSAP\Unit_Test\WS\CustomerStatementTest.cs:line 141
</StackTrace>
        </ErrorInfo>
      </Output>
    </UnitTestResult>
  </Results>
</TestRun>