<?xml version="1.0" encoding="UTF-8"?>
<TestRun id="598abc12-bb29-45d9-b54b-3db4073781bf" name="gbernal@GBERNAL 2013-07-19 16:04:49" runUser="SOAM\gbernal" xmlns="http://microsoft.com/schemas/VisualStudio/TeamTest/2010">
  <TestSettings name="Local" id="e3db6095-ce6e-41b0-b542-606337b9d5bd">
    <Description>These are default test settings for a local test run.</Description>
    <Deployment enabled="false" runDeploymentRoot="gbernal_GBERNAL 2013-07-19 16_04_49" />
    <Execution>
      <TestTypeSpecific />
      <AgentRule name="Execution Agents">
      </AgentRule>
    </Execution>
  </TestSettings>
  <Times creation="2013-07-19T16:04:49.3547936-05:00" queuing="2013-07-19T16:04:49.7358317-05:00" start="2013-07-19T16:04:49.8778459-05:00" finish="2013-07-19T16:04:54.9853566-05:00" />
  <ResultSummary outcome="Failed">
    <Counters total="1" executed="1" error="0" failed="1" timeout="0" aborted="0" inconclusive="0" passedButRunAborted="0" notRunnable="0" notExecuted="0" disconnected="0" warning="0" passed="0" completed="0" inProgress="0" pending="0" />
  </ResultSummary>
  <TestDefinitions>
    <UnitTest name="CustomerStatementTest_Execution_Regular_Mock" storage="d:\users\gbernal\desktop\aplicaciones\backupapp\sincosap\sc_v16\scsap_d\sincosap\unit_test\bin\debug\unit_test.dll" id="8f0bfb61-32ad-bb40-9bb2-8072c54b5f75">
      <Execution timeOut="1800000" id="2ef70699-2fc7-45e8-a3f8-f0bc451ac843" />
      <TestMethod codeBase="D:/Users/gbernal/Desktop/Aplicaciones/BackUpApp/SINCOSAP/SC_V16/SCSAP_D/SINCOSAP/Unit_Test/bin/Debug/Unit_Test.DLL" adapterTypeName="Microsoft.VisualStudio.TestTools.TestTypes.Unit.UnitTestAdapter, Microsoft.VisualStudio.QualityTools.Tips.UnitTest.Adapter, Version=10.0.0.0, Culture=neutral, PublicKeyToken=b03f5f7f11d50a3a" className="Unit_Test.WS.CustomerStatementTest, Unit_Test, Version=1.0.0.0, Culture=neutral, PublicKeyToken=null" name="CustomerStatementTest_Execution_Regular_Mock" />
    </UnitTest>
  </TestDefinitions>
  <TestLists>
    <TestList name="Results Not in a List" id="8c84fa94-04c1-424b-9868-57a2d4851a1d" />
    <TestList name="All Loaded Results" id="19431567-8539-422a-85d7-44ee4e166bda" />
  </TestLists>
  <TestEntries>
    <TestEntry testId="8f0bfb61-32ad-bb40-9bb2-8072c54b5f75" executionId="2ef70699-2fc7-45e8-a3f8-f0bc451ac843" testListId="8c84fa94-04c1-424b-9868-57a2d4851a1d" />
  </TestEntries>
  <Results>
    <UnitTestResult executionId="2ef70699-2fc7-45e8-a3f8-f0bc451ac843" testId="8f0bfb61-32ad-bb40-9bb2-8072c54b5f75" testName="CustomerStatementTest_Execution_Regular_Mock" computerName="GBERNAL" duration="00:00:04.9201974" startTime="2013-07-19T16:04:49.9228504-05:00" endTime="2013-07-19T16:04:54.9273508-05:00" testType="13cdc9d9-ddb5-4fa4-a97d-d965ccfc6d4b" outcome="Failed" testListId="8c84fa94-04c1-424b-9868-57a2d4851a1d" relativeResultsDirectory="2ef70699-2fc7-45e8-a3f8-f0bc451ac843">
      <Output>
        <ErrorInfo>
          <Message>Assert.IsFalse failed. (Expected)MESA DE YEGUAS V 70=(Actual)MESA DE YEGUAS V 70</Message>
          <StackTrace>   at Unit_Test.WS.CustomerStatementTest.CustomerStatementTest_Execution_Regular_Mock() in D:\Users\gbernal\Desktop\Aplicaciones\BackUpApp\SINCOSAP\SC_V16\SCSAP_D\SINCOSAP\Unit_Test\WS\CustomerStatementTest.cs:line 141
</StackTrace>
        </ErrorInfo>
      </Output>
    </UnitTestResult>
  </Results>
</TestRun>